#
# A fatal error has been detected by the Java Runtime Environment:
#
#  EXCEPTION_ACCESS_VIOLATION (0xc0000005) at pc=0x0000028940750f84, pid=1316, tid=11064
#
# JRE version: OpenJDK Runtime Environment Temurin-21.0.3+9 (21.0.3+9) (build 21.0.3+9-LTS)
# Java VM: OpenJDK 64-Bit Server VM Temurin-21.0.3+9 (21.0.3+9-LTS, mixed mode, emulated-client, sharing, tiered, compressed oops, compressed class ptrs, g1 gc, windows-amd64)
# Problematic frame:
# v  ~BufferBlob::MethodHandles adapters 0x0000028940750f84
#
# No core dump will be written. Minidumps are not enabled by default on client versions of Windows
#
# If you would like to submit a bug report, please visit:
#   https://github.com/adoptium/adoptium-support/issues
#

---------------  S U M M A R Y ------------

Command Line: -XX:+ShowCodeDetailsInExceptionMessages -agentlib:jdwp=transport=dt_socket,suspend=y,address=localhost:54580 -Dcom.sun.management.jmxremote -Dcom.sun.management.jmxremote.port=54579 -Dcom.sun.management.jmxremote.authenticate=false -Dcom.sun.management.jmxremote.ssl=false -Djava.rmi.server.hostname=localhost -Dspring.jmx.enabled=true -Dmanagement.endpoints.jmx.exposure.include=* -Dspring.application.admin.enabled=true -XX:TieredStopAtLevel=1 -Dspring.boot.project.name=kinntaikanri -javaagent:C:\pleiades\2024-06\eclipse\configuration\org.eclipse.osgi\251\0\.cp\lib\javaagent-shaded.jar -Dfile.encoding=UTF-8 -Dstdout.encoding=UTF-8 -Dstderr.encoding=UTF-8 com.example.demo.DemoApplication --spring.output.ansi.enabled=always

Host: 12th Gen Intel(R) Core(TM) i5-1235U, 12 cores, 7G,  Windows 11 , 64 bit Build 22621 (10.0.22621.4391)
Time: Mon Nov 18 16:35:25 2024  Windows 11 , 64 bit Build 22621 (10.0.22621.4391) elapsed time: 10337.860271 seconds (0d 2h 52m 17s)

---------------  T H R E A D  ---------------

Current thread (0x000002898e9d31a0):  JavaThread "http-nio-8080-exec-3" daemon [_thread_in_Java, id=11064, stack(0x000000a9ceb00000,0x000000a9cec00000) (1024K)]

Stack: [0x000000a9ceb00000,0x000000a9cec00000],  sp=0x000000a9cebfa248,  free space=1000k
Native frames: (J=compiled Java code, j=interpreted, Vv=VM code, C=native code)
C  0x0000028940750f84

The last pc belongs to _linkToVirtual (printed below).

siginfo: EXCEPTION_ACCESS_VIOLATION (0xc0000005), reading address 0x00000289d447043e


Registers:
RAX=0x000002894072958b, RBX=0x000000008b614ac0, RCX=0x000000a9cebfa260, RDX=0x0000000000000004
RSP=0x000000a9cebfa248, RBP=0x000000a9cebfa2a8, RSI=0x0000028990df68e8, RDI=0x00000289914291f0
R8 =0x0000000000000004, R9 =0x0000000000000004, R10=0x00000289d4470276, R11=0x0000000000000000
R12=0x0000000000000000, R13=0x000000a9cebfa248, R14=0x000000a9cebfa2d8, R15=0x000002898e9d31a0
RIP=0x0000028940750f84, EFLAGS=0x0000000000010202


Register to memory mapping:

RAX=0x000002894072958b is at code_begin+4363 in an Interpreter codelet
return entry points  [0x0000028940728480, 0x000002894072a298]  7704 bytes
RBX=0x000000008b614ac0 is an oop: org.springframework.validation.support.BindingAwareModelMap 
{0x000000008b614ac0} - klass: 'org/springframework/validation/support/BindingAwareModelMap'
 - ---- fields (total size 8 words):
 - transient 'keySet' 'Ljava/util/Set;' @12  null (0x00000000)
 - transient 'values' 'Ljava/util/Collection;' @16  null (0x00000000)
 - transient 'size' 'I' @20  0 (0x00000000)
 - transient 'modCount' 'I' @24  0 (0x00000000)
 - 'threshold' 'I' @28  0 (0x00000000)
 - final 'loadFactor' 'F' @32  0.750000 (0x3f400000)
 - transient 'table' '[Ljava/util/HashMap$Node;' @36  null (0x00000000)
 - transient 'entrySet' 'Ljava/util/Set;' @40  null (0x00000000)
 - transient 'putMode' 'I' @44  0 (0x00000000)
 - final 'accessOrder' 'Z' @48  false (0x00)
 - transient 'head' 'Ljava/util/LinkedHashMap$Entry;' @52  null (0x00000000)
 - transient 'tail' 'Ljava/util/LinkedHashMap$Entry;' @56  null (0x00000000)
RCX=0x000000a9cebfa260 is pointing into the stack for thread: 0x000002898e9d31a0
RDX=0x0000000000000004 is an unknown value
RSP=0x000000a9cebfa248 is pointing into the stack for thread: 0x000002898e9d31a0
RBP=0x000000a9cebfa2a8 is pointing into the stack for thread: 0x000002898e9d31a0
RSI=0x0000028990df68e8 points into unknown readable memory: 0x8800103e904c9fde | de 9f 4c 90 3e 10 00 88
RDI=0x00000289914291f0 points into unknown readable memory: 0x0000002800000080 | 80 00 00 00 28 00 00 00
R8 =0x0000000000000004 is an unknown value
R9 =0x0000000000000004 is an unknown value
R10=0x00000289d4470276 is an unknown value
R11=0x0 is null
R12=0x0 is null
R13=0x000000a9cebfa248 is pointing into the stack for thread: 0x000002898e9d31a0
R14=0x000000a9cebfa2d8 is pointing into the stack for thread: 0x000002898e9d31a0
R15=0x000002898e9d31a0 is a thread

Top of Stack: (sp=0x000000a9cebfa248)
0x000000a9cebfa248:   000002894072958b 000000008b96e4b8
0x000000a9cebfa258:   0000000088f51b60 000000a9cebfa260
0x000000a9cebfa268:   000002898b470276 0000000000000006
0x000000a9cebfa278:   000002898b4703c8 000000a9cebfa348
0x000000a9cebfa288:   0000000087057430 000002898b470288
0x000000a9cebfa298:   000000a9cebfa248 000000a9cebfa2e0
0x000000a9cebfa2a8:   000000a9cebfa348 000002894072958b
0x000000a9cebfa2b8:   000000008b0b35f0 000000008b614ac0
0x000000a9cebfa2c8:   000000008b96e4b8 0000000088f51b60
0x000000a9cebfa2d8:   000000008b0b3788 000000008b614ac0
0x000000a9cebfa2e8:   000000008b96e4b8 0000000088f51b60
0x000000a9cebfa2f8:   000000008b0b3788 000000a9cebfa300
0x000000a9cebfa308:   000002898c4c1b01 000000000000000c
0x000000a9cebfa318:   000002898bb35858 0000000000000000
0x000000a9cebfa328:   000000008800eca0 000002898c4c1b10
0x000000a9cebfa338:   000000a9cebfa2e0 000000a9cebfa3b0
0x000000a9cebfa348:   000000a9cebfa668 00000289411cb54a
0x000000a9cebfa358:   000000008b0b3788 0000000088f51b60
0x000000a9cebfa368:   000000008b0b3988 000000008b96e4b8
0x000000a9cebfa378:   000000008b0b3a88 000000008b614ac0
0x000000a9cebfa388:   000000008b0b3b90 000000008b614ac0
0x000000a9cebfa398:   000000008b96e4b8 0000000088f51b60
0x000000a9cebfa3a8:   000000008b0b3be0 0000000000000000
0x000000a9cebfa3b8:   000000a9cebfc110 000000008b0b3548
0x000000a9cebfa3c8:   000000008740fad0 000002894076f106
0x000000a9cebfa3d8:   000002894076f010 000000a9cebfb580
0x000000a9cebfa3e8:   000000a9cebfb584 0000000000000000
0x000000a9cebfa3f8:   000000a9cebfb4c0 000000a9cebfa668
0x000000a9cebfa408:   0000028940b5b3c4 000002899164bbd8
0x000000a9cebfa418:   000002898c345a10 000002898e9d31a0
0x000000a9cebfa428:   0000000000000c00 0000000000000000
0x000000a9cebfa438:   0000000000000000 0000000000000000 

Instructions: (pc=0x0000028940750f84)
0x0000028940750e84:   00 00 00 00 01 00 00 00 00 00 00 00 38 e6 af 24
0x0000028940750e94:   ff 7f 00 00 00 0f 75 40 89 02 00 00 80 1f 75 40
0x0000028940750ea4:   89 02 00 00 00 0f 75 40 89 02 00 00 80 1f 75 40
0x0000028940750eb4:   89 02 00 00 f0 0e 75 40 89 02 00 00 f0 0e 75 40
0x0000028940750ec4:   89 02 00 00 00 00 00 00 00 00 00 00 d8 e6 af 24
0x0000028940750ed4:   ff 7f 00 00 f0 10 00 00 60 00 00 00 ff ff ff ff
0x0000028940750ee4:   f0 10 00 00 00 00 00 00 00 00 00 00 00 00 00 00
0x0000028940750ef4:   00 00 00 00 00 00 00 00 00 00 00 00 f4 66 66 66
0x0000028940750f04:   0f 1f 84 00 00 00 00 00 66 66 66 90 66 66 66 0f
0x0000028940750f14:   1f 84 00 00 00 00 00 66 66 66 90 90 48 8b 53 08
0x0000028940750f24:   0f b7 52 2e 48 8b 0c d4 8b 59 14 8b 5b 28 8b 5b
0x0000028940750f34:   24 48 8b 5b 10 48 85 db 0f 84 10 00 00 00 41 80
0x0000028940750f44:   bf e0 05 00 00 00 74 03 ff 63 38 ff 63 50 e9 a9
0x0000028940750f54:   16 00 00 66 0f 1f 84 00 00 00 00 00 48 8b 53 08
0x0000028940750f64:   0f b7 52 2e 48 8b 0c d4 58 5b 50 44 8b 51 08 49
0x0000028940750f74:   bb 00 00 00 49 89 02 00 00 4d 03 d3 4c 8b 5b 10
0x0000028940750f84:   4b 8b 9c da c8 01 00 00 48 85 db 0f 84 10 00 00
0x0000028940750f94:   00 41 80 bf e0 05 00 00 00 74 03 ff 63 38 ff 63
0x0000028940750fa4:   50 e9 56 16 00 00 66 66 66 0f 1f 84 00 00 00 00
0x0000028940750fb4:   00 66 66 66 90 0f 1f 80 00 00 00 00 58 5b 50 8b
0x0000028940750fc4:   5b 24 48 8b 5b 10 48 85 db 0f 84 10 00 00 00 41
0x0000028940750fd4:   80 bf e0 05 00 00 00 74 03 ff 63 38 ff 63 50 e9
0x0000028940750fe4:   18 16 00 00 66 66 66 0f 1f 84 00 00 00 00 00 66
0x0000028940750ff4:   66 66 90 66 0f 1f 84 00 00 00 00 00 48 8b 53 08
0x0000028940751004:   0f b7 52 2e 48 8b 0c d4 58 5b 50 48 3b 01 8b 5b
0x0000028940751014:   24 48 8b 5b 10 48 85 db 0f 84 10 00 00 00 41 80
0x0000028940751024:   bf e0 05 00 00 00 74 03 ff 63 38 ff 63 50 e9 c9
0x0000028940751034:   15 00 00 66 0f 1f 84 00 00 00 00 00 48 8b 53 08
0x0000028940751044:   0f b7 52 2e 48 8b 0c d4 58 5b 50 44 8b 51 08 49
0x0000028940751054:   bb 00 00 00 49 89 02 00 00 4d 03 d3 8b 43 18 48
0x0000028940751064:   8b 40 10 48 8b 5b 10 45 8b 9a a0 00 00 00 4f 8d
0x0000028940751074:   9c da c8 01 00 00 4d 8d 14 da 49 8b 1b 48 3b c3 


Stack slot to memory mapping:

stack at sp + 0 slots: 0x000002894072958b is at code_begin+4363 in an Interpreter codelet
return entry points  [0x0000028940728480, 0x000002894072a298]  7704 bytes
stack at sp + 1 slots: 0x000000008b96e4b8 is an oop: org.apache.catalina.session.StandardSessionFacade 
{0x000000008b96e4b8} - klass: 'org/apache/catalina/session/StandardSessionFacade'
 - ---- fields (total size 2 words):
 - private final 'session' 'Ljakarta/servlet/http/HttpSession;' @12  a 'org/apache/catalina/session/StandardSession'{0x0000000089733d58} (0x89733d58)
stack at sp + 2 slots: 0x0000000088f51b60 is an oop: com.example.demo.controller.MenuController 
{0x0000000088f51b60} - klass: 'com/example/demo/controller/MenuController'
 - ---- fields (total size 2 words):
 - private final 'commonActivityService' 'Lcom/example/demo/service/CommonActivityService;' @12  a 'com/example/demo/service/CommonActivityService'{0x00000000896ffca0} (0x896ffca0)
stack at sp + 3 slots: 0x000000a9cebfa260 is pointing into the stack for thread: 0x000002898e9d31a0
stack at sp + 4 slots: 0x000002898b470276 is pointing into metadata
stack at sp + 5 slots: 0x0000000000000006 is an unknown value
stack at sp + 6 slots: 0x000002898b4703c8 is pointing into metadata
stack at sp + 7 slots: 0x000000a9cebfa348 is pointing into the stack for thread: 0x000002898e9d31a0

MethodHandle::interpreter_entry::_linkToVirtual [0x0000028940750f57, 0x0000028940750faa] (83 bytes)
[MachCode]
  0x0000028940750f57: 660f 1f84 | 0000 0000 | 0048 8b53 | 080f b752 | 2e48 8b0c | d458 5b50 | 448b 5108 | 49bb 0000 
  0x0000028940750f77: 0049 8902 | 0000 4d03 | d34c 8b5b | 104b 8b9c | dac8 0100 | 0048 85db | 0f84 1000 | 0000 4180 
  0x0000028940750f97: bfe0 0500 | 0000 7403 | ff63 38ff | 6350 e956 | 
[/MachCode]

---------------  P R O C E S S  ---------------

Threads class SMR info:
_java_thread_list=0x0000028990dd7060, length=43, elements={
0x0000028948caff50, 0x0000028948cb0c70, 0x0000028948cb1990, 0x0000028948cb3400,
0x0000028948cbd860, 0x0000028948cc02d0, 0x0000028948cc4230, 0x0000028948c7a370,
0x000002898e160f50, 0x000002898e186050, 0x000002898e189530, 0x000002898e96c2e0,
0x000002898eb87570, 0x000002898e8ce2b0, 0x000002898ebe3800, 0x000002898f1b01e0,
0x000002898f1bfa90, 0x000002898f1c0120, 0x000002898ee2c850, 0x000002898ee2e290,
0x000002898ee32430, 0x000002898e9d5f90, 0x000002898e9d03b0, 0x000002898e9d1df0,
0x000002898e9d4550, 0x000002898e9d10d0, 0x000002898e9cf000, 0x000002898e9d4be0,
0x000002898e9cfd20, 0x000002898e9d5270, 0x000002898e9d5900, 0x000002898e9d31a0,
0x000002898e9d3830, 0x000002898e9d6620, 0x000002898e9d2480, 0x000002898ee2dc00,
0x000002898ee2fcd0, 0x000002898ee2e920, 0x000002898ee2efb0, 0x000002898ee33150,
0x000002898ee31080, 0x000002898ee337e0, 0x000002898ee2cee0
}

Java Threads: ( => current thread )
  0x0000028948caff50 JavaThread "Reference Handler"          daemon [_thread_blocked, id=15052, stack(0x000000a9cc200000,0x000000a9cc300000) (1024K)]
  0x0000028948cb0c70 JavaThread "Finalizer"                  daemon [_thread_blocked, id=5712, stack(0x000000a9cc300000,0x000000a9cc400000) (1024K)]
  0x0000028948cb1990 JavaThread "Signal Dispatcher"          daemon [_thread_blocked, id=11928, stack(0x000000a9cc400000,0x000000a9cc500000) (1024K)]
  0x0000028948cb3400 JavaThread "Attach Listener"            daemon [_thread_blocked, id=8584, stack(0x000000a9cc500000,0x000000a9cc600000) (1024K)]
  0x0000028948cbd860 JavaThread "Service Thread"             daemon [_thread_blocked, id=5720, stack(0x000000a9cc600000,0x000000a9cc700000) (1024K)]
  0x0000028948cc02d0 JavaThread "Monitor Deflation Thread"   daemon [_thread_blocked, id=10680, stack(0x000000a9cc700000,0x000000a9cc800000) (1024K)]
  0x0000028948cc4230 JavaThread "C1 CompilerThread0"         daemon [_thread_blocked, id=17732, stack(0x000000a9cc800000,0x000000a9cc900000) (1024K)]
  0x0000028948c7a370 JavaThread "Common-Cleaner"             daemon [_thread_blocked, id=15492, stack(0x000000a9cc900000,0x000000a9cca00000) (1024K)]
  0x000002898e160f50 JavaThread "JDWP Transport Listener: dt_socket" daemon [_thread_blocked, id=4880, stack(0x000000a9ccd00000,0x000000a9cce00000) (1024K)]
  0x000002898e186050 JavaThread "JDWP Event Helper Thread"   daemon [_thread_blocked, id=6676, stack(0x000000a9cce00000,0x000000a9ccf00000) (1024K)]
  0x000002898e189530 JavaThread "JDWP Command Reader"        daemon [_thread_in_native, id=6536, stack(0x000000a9ccf00000,0x000000a9cd000000) (1024K)]
  0x000002898e96c2e0 JavaThread "Notification Thread"        daemon [_thread_blocked, id=10676, stack(0x000000a9cd000000,0x000000a9cd100000) (1024K)]
  0x000002898eb87570 JavaThread "RMI TCP Accept-0"           daemon [_thread_in_native, id=12496, stack(0x000000a9cd100000,0x000000a9cd200000) (1024K)]
  0x000002898e8ce2b0 JavaThread "RMI TCP Accept-54579"       daemon [_thread_in_native, id=18444, stack(0x000000a9cdb00000,0x000000a9cdc00000) (1024K)]
  0x000002898ebe3800 JavaThread "RMI TCP Accept-0"           daemon [_thread_in_native, id=5596, stack(0x000000a9cdc00000,0x000000a9cdd00000) (1024K)]
  0x000002898f1b01e0 JavaThread "RMI Scheduler(0)"           daemon [_thread_blocked, id=15616, stack(0x000000a9ce000000,0x000000a9ce100000) (1024K)]
  0x000002898f1bfa90 JavaThread "JMX server connection timeout 43" daemon [_thread_blocked, id=13960, stack(0x000000a9ce200000,0x000000a9ce300000) (1024K)]
  0x000002898f1c0120 JavaThread "mysql-cj-abandoned-connection-cleanup" daemon [_thread_blocked, id=8448, stack(0x000000a9ce800000,0x000000a9ce900000) (1024K)]
  0x000002898ee2c850 JavaThread "Live Reload Server"         daemon [_thread_in_native, id=3716, stack(0x000000a9cee00000,0x000000a9cef00000) (1024K)]
  0x000002898ee2e290 JavaThread "DestroyJavaVM"                     [_thread_blocked, id=16936, stack(0x000000a9cba00000,0x000000a9cbb00000) (1024K)]
  0x000002898ee32430 JavaThread "RMI TCP Connection(idle)"   daemon [_thread_blocked, id=12052, stack(0x000000a9cca00000,0x000000a9ccb00000) (1024K)]
  0x000002898e9d5f90 JavaThread "RMI TCP Connection(idle)"   daemon [_thread_blocked, id=2304, stack(0x000000a9cf400000,0x000000a9cf500000) (1024K)]
  0x000002898e9d03b0 JavaThread "RMI TCP Connection(197)-127.0.0.1" daemon [_thread_in_native, id=10648, stack(0x000000a9cf600000,0x000000a9cf700000) (1024K)]
  0x000002898e9d1df0 JavaThread "RMI TCP Connection(idle)"   daemon [_thread_blocked, id=7972, stack(0x000000a9cb700000,0x000000a9cb800000) (1024K)]
  0x000002898e9d4550 JavaThread "Catalina-utility-1"                [_thread_blocked, id=16512, stack(0x000000a9ccc00000,0x000000a9ccd00000) (1024K)]
  0x000002898e9d10d0 JavaThread "Catalina-utility-2"                [_thread_blocked, id=17580, stack(0x000000a9cdd00000,0x000000a9cde00000) (1024K)]
  0x000002898e9cf000 JavaThread "container-0"                       [_thread_blocked, id=6660, stack(0x000000a9cde00000,0x000000a9cdf00000) (1024K)]
  0x000002898e9d4be0 JavaThread "HikariPool-10 housekeeper"  daemon [_thread_blocked, id=4316, stack(0x000000a9ce700000,0x000000a9ce800000) (1024K)]
  0x000002898e9cfd20 JavaThread "File Watcher"               daemon [_thread_blocked, id=16296, stack(0x000000a9cdf00000,0x000000a9ce000000) (1024K)]
  0x000002898e9d5270 JavaThread "http-nio-8080-exec-1"       daemon [_thread_blocked, id=17976, stack(0x000000a9ce900000,0x000000a9cea00000) (1024K)]
  0x000002898e9d5900 JavaThread "http-nio-8080-exec-2"       daemon [_thread_blocked, id=8628, stack(0x000000a9cea00000,0x000000a9ceb00000) (1024K)]
=>0x000002898e9d31a0 JavaThread "http-nio-8080-exec-3"       daemon [_thread_in_Java, id=11064, stack(0x000000a9ceb00000,0x000000a9cec00000) (1024K)]
  0x000002898e9d3830 JavaThread "http-nio-8080-exec-4"       daemon [_thread_blocked, id=11824, stack(0x000000a9cec00000,0x000000a9ced00000) (1024K)]
  0x000002898e9d6620 JavaThread "http-nio-8080-exec-5"       daemon [_thread_blocked, id=14820, stack(0x000000a9ced00000,0x000000a9cee00000) (1024K)]
  0x000002898e9d2480 JavaThread "http-nio-8080-exec-6"       daemon [_thread_blocked, id=8032, stack(0x000000a9cef00000,0x000000a9cf000000) (1024K)]
  0x000002898ee2dc00 JavaThread "http-nio-8080-exec-7"       daemon [_thread_blocked, id=13712, stack(0x000000a9cf000000,0x000000a9cf100000) (1024K)]
  0x000002898ee2fcd0 JavaThread "http-nio-8080-exec-8"       daemon [_thread_blocked, id=2888, stack(0x000000a9cf100000,0x000000a9cf200000) (1024K)]
  0x000002898ee2e920 JavaThread "http-nio-8080-exec-9"       daemon [_thread_blocked, id=17616, stack(0x000000a9cf200000,0x000000a9cf300000) (1024K)]
  0x000002898ee2efb0 JavaThread "http-nio-8080-exec-10"      daemon [_thread_blocked, id=14556, stack(0x000000a9cf300000,0x000000a9cf400000) (1024K)]
  0x000002898ee33150 JavaThread "http-nio-8080-Poller"       daemon [_thread_in_native, id=7368, stack(0x000000a9cf500000,0x000000a9cf600000) (1024K)]
  0x000002898ee31080 JavaThread "http-nio-8080-Acceptor"     daemon [_thread_in_native, id=5948, stack(0x000000a9cf700000,0x000000a9cf800000) (1024K)]
  0x000002898ee337e0 JavaThread "scheduling-1"                      [_thread_blocked, id=14616, stack(0x000000a9cf800000,0x000000a9cf900000) (1024K)]
  0x000002898ee2cee0 JavaThread "MySQL Statement Cancellation Timer" daemon [_thread_blocked, id=832, stack(0x000000a9ce300000,0x000000a9ce400000) (1024K)]
Total: 43

Other Threads:
  0x0000028948c8f570 VMThread "VM Thread"                           [id=16300, stack(0x000000a9cc100000,0x000000a9cc200000) (1024K)]
  0x0000028948c79430 WatcherThread "VM Periodic Task Thread"        [id=5684, stack(0x000000a9cc000000,0x000000a9cc100000) (1024K)]
  0x00000289380ad980 WorkerThread "GC Thread#0"                     [id=9000, stack(0x000000a9cbb00000,0x000000a9cbc00000) (1024K)]
  0x000002898ebd6f80 WorkerThread "GC Thread#1"                     [id=9568, stack(0x000000a9cd200000,0x000000a9cd300000) (1024K)]
  0x000002898ebf44d0 WorkerThread "GC Thread#2"                     [id=4936, stack(0x000000a9cd300000,0x000000a9cd400000) (1024K)]
  0x000002898ebf4870 WorkerThread "GC Thread#3"                     [id=6600, stack(0x000000a9cd400000,0x000000a9cd500000) (1024K)]
  0x000002898ebf4c10 WorkerThread "GC Thread#4"                     [id=3248, stack(0x000000a9cd500000,0x000000a9cd600000) (1024K)]
  0x000002898ebf57d0 WorkerThread "GC Thread#5"                     [id=15096, stack(0x000000a9cd600000,0x000000a9cd700000) (1024K)]
  0x000002898ebf5b70 WorkerThread "GC Thread#6"                     [id=9784, stack(0x000000a9cd700000,0x000000a9cd800000) (1024K)]
  0x000002898ebf5f10 WorkerThread "GC Thread#7"                     [id=6324, stack(0x000000a9cd800000,0x000000a9cd900000) (1024K)]
  0x000002898ebf62b0 WorkerThread "GC Thread#8"                     [id=9332, stack(0x000000a9cd900000,0x000000a9cda00000) (1024K)]
  0x000002898ebf6ff0 WorkerThread "GC Thread#9"                     [id=2544, stack(0x000000a9cda00000,0x000000a9cdb00000) (1024K)]
  0x00000289380bebc0 ConcurrentGCThread "G1 Main Marker"            [id=15664, stack(0x000000a9cbc00000,0x000000a9cbd00000) (1024K)]
  0x00000289380bf5d0 WorkerThread "G1 Conc#0"                       [id=3080, stack(0x000000a9cbd00000,0x000000a9cbe00000) (1024K)]
  0x000002898ebf7ad0 WorkerThread "G1 Conc#1"                       [id=12764, stack(0x000000a9ce400000,0x000000a9ce500000) (1024K)]
  0x000002898ebf7e70 WorkerThread "G1 Conc#2"                       [id=3020, stack(0x000000a9ce500000,0x000000a9ce600000) (1024K)]
  0x000002893810e450 ConcurrentGCThread "G1 Refine#0"               [id=7292, stack(0x000000a9cbe00000,0x000000a9cbf00000) (1024K)]
  0x0000028948b51170 ConcurrentGCThread "G1 Service"                [id=1332, stack(0x000000a9cbf00000,0x000000a9cc000000) (1024K)]
Total: 18

Threads with active compile tasks:
Total: 0

VM state: not at safepoint (normal execution)

VM Mutex/Monitor currently owned by a thread: None

Heap address: 0x0000000086a00000, size: 1942 MB, Compressed Oops mode: 32-bit

CDS archive(s) mapped at: [0x0000028949000000-0x0000028949c90000-0x0000028949c90000), size 13172736, SharedBaseAddress: 0x0000028949000000, ArchiveRelocationMode: 1.
Compressed class space mapped at: 0x000002894a000000-0x000002898a000000, reserved size: 1073741824
Narrow klass base: 0x0000028949000000, Narrow klass shift: 0, Narrow klass range: 0x100000000

GC Precious Log:
 CardTable entry size: 512
 Card Set container configuration: InlinePtr #cards 5 size 8 Array Of Cards #cards 12 size 40 Howl #buckets 4 coarsen threshold 1843 Howl Bitmap #cards 512 size 80 coarsen threshold 460 Card regions per heap region 1 cards per card region 2048
 CPUs: 12 total, 12 available
 Memory: 7766M
 Large Page Support: Disabled
 NUMA Support: Disabled
 Compressed Oops: Enabled (32-bit)
 Heap Region Size: 1M
 Heap Min Capacity: 8M
 Heap Initial Capacity: 122M
 Heap Max Capacity: 1942M
 Pre-touch: Disabled
 Parallel Workers: 10
 Concurrent Workers: 3
 Concurrent Refinement Workers: 10
 Periodic GC: Disabled

Heap:
 garbage-first heap   total 106496K, used 80604K [0x0000000086a00000, 0x0000000100000000)
  region size 1024K, 52 young (53248K), 6 survivors (6144K)
 Metaspace       used 60489K, committed 61248K, reserved 1114112K
  class space    used 8066K, committed 8448K, reserved 1048576K

Heap Regions: E=young(eden), S=young(survivor), O=old, HS=humongous(starts), HC=humongous(continues), CS=collection set, F=free, TAMS=top-at-mark-start, PB=parsable bottom
|   0|0x0000000086a00000, 0x0000000086affff8, 0x0000000086b00000| 99%| O|  |TAMS 0x0000000086a00000| PB 0x0000000086a00000| Untracked 
|   1|0x0000000086b00000, 0x0000000086bffff0, 0x0000000086c00000| 99%| O|  |TAMS 0x0000000086b00000| PB 0x0000000086b00000| Untracked 
|   2|0x0000000086c00000, 0x0000000086d00000, 0x0000000086d00000|100%| O|  |TAMS 0x0000000086c00000| PB 0x0000000086c00000| Untracked 
|   3|0x0000000086d00000, 0x0000000086dffff0, 0x0000000086e00000| 99%| O|  |TAMS 0x0000000086d00000| PB 0x0000000086d00000| Untracked 
|   4|0x0000000086e00000, 0x0000000086f00000, 0x0000000086f00000|100%| O|  |TAMS 0x0000000086e00000| PB 0x0000000086e00000| Untracked 
|   5|0x0000000086f00000, 0x0000000086fffff8, 0x0000000087000000| 99%| O|  |TAMS 0x0000000086f00000| PB 0x0000000086f00000| Untracked 
|   6|0x0000000087000000, 0x00000000870fffa0, 0x0000000087100000| 99%| O|  |TAMS 0x0000000087000000| PB 0x0000000087000000| Untracked 
|   7|0x0000000087100000, 0x00000000871fffd0, 0x0000000087200000| 99%| O|  |TAMS 0x0000000087100000| PB 0x0000000087100000| Untracked 
|   8|0x0000000087200000, 0x00000000872fd460, 0x0000000087300000| 98%| O|  |TAMS 0x0000000087200000| PB 0x0000000087200000| Untracked 
|   9|0x0000000087300000, 0x00000000873fff48, 0x0000000087400000| 99%| O|  |TAMS 0x0000000087300000| PB 0x0000000087300000| Untracked 
|  10|0x0000000087400000, 0x00000000874ffff0, 0x0000000087500000| 99%| O|  |TAMS 0x0000000087400000| PB 0x0000000087400000| Untracked 
|  11|0x0000000087500000, 0x00000000875ffff8, 0x0000000087600000| 99%| O|  |TAMS 0x0000000087500000| PB 0x0000000087500000| Untracked 
|  12|0x0000000087600000, 0x00000000876ffff8, 0x0000000087700000| 99%| O|  |TAMS 0x0000000087600000| PB 0x0000000087600000| Untracked 
|  13|0x0000000087700000, 0x0000000087800000, 0x0000000087800000|100%| O|  |TAMS 0x0000000087700000| PB 0x0000000087700000| Untracked 
|  14|0x0000000087800000, 0x00000000878ffff8, 0x0000000087900000| 99%| O|  |TAMS 0x0000000087800000| PB 0x0000000087800000| Untracked 
|  15|0x0000000087900000, 0x00000000879ffff8, 0x0000000087a00000| 99%| O|  |TAMS 0x0000000087900000| PB 0x0000000087900000| Untracked 
|  16|0x0000000087a00000, 0x0000000087aff3a8, 0x0000000087b00000| 99%| O|  |TAMS 0x0000000087a00000| PB 0x0000000087a00000| Untracked 
|  17|0x0000000087b00000, 0x0000000087bfffe8, 0x0000000087c00000| 99%| O|  |TAMS 0x0000000087b00000| PB 0x0000000087b00000| Untracked 
|  18|0x0000000087c00000, 0x0000000087cab9e8, 0x0000000087d00000| 67%| O|  |TAMS 0x0000000087c00000| PB 0x0000000087c00000| Untracked 
|  19|0x0000000087d00000, 0x0000000087dffff8, 0x0000000087e00000| 99%| O|  |TAMS 0x0000000087d00000| PB 0x0000000087d00000| Untracked 
|  20|0x0000000087e00000, 0x0000000087efffc8, 0x0000000087f00000| 99%| O|  |TAMS 0x0000000087e00000| PB 0x0000000087e00000| Untracked 
|  21|0x0000000087f00000, 0x0000000087fffff8, 0x0000000088000000| 99%| O|  |TAMS 0x0000000087f00000| PB 0x0000000087f00000| Untracked 
|  22|0x0000000088000000, 0x00000000880f1d48, 0x0000000088100000| 94%| O|  |TAMS 0x0000000088000000| PB 0x0000000088000000| Untracked 
|  23|0x0000000088100000, 0x00000000881ffb88, 0x0000000088200000| 99%| O|  |TAMS 0x0000000088100000| PB 0x0000000088100000| Untracked 
|  24|0x0000000088200000, 0x0000000088200000, 0x0000000088300000|  0%| F|  |TAMS 0x0000000088200000| PB 0x0000000088200000| Untracked 
|  25|0x0000000088300000, 0x00000000883ffff0, 0x0000000088400000| 99%| O|  |TAMS 0x0000000088300000| PB 0x0000000088300000| Untracked 
|  26|0x0000000088400000, 0x00000000884da3a0, 0x0000000088500000| 85%| O|  |TAMS 0x0000000088400000| PB 0x0000000088400000| Untracked 
|  27|0x0000000088500000, 0x0000000088600000, 0x0000000088600000|100%| O|  |TAMS 0x0000000088500000| PB 0x0000000088500000| Untracked 
|  28|0x0000000088600000, 0x0000000088600000, 0x0000000088700000|  0%| F|  |TAMS 0x0000000088600000| PB 0x0000000088600000| Untracked 
|  29|0x0000000088700000, 0x0000000088707860, 0x0000000088800000|  2%| O|Cm|TAMS 0x0000000088700000| PB 0x0000000088700000| Complete 
|  30|0x0000000088800000, 0x0000000088800000, 0x0000000088900000|  0%| F|  |TAMS 0x0000000088800000| PB 0x0000000088800000| Untracked 
|  31|0x0000000088900000, 0x0000000088949000, 0x0000000088a00000| 28%| O|  |TAMS 0x0000000088900000| PB 0x0000000088900000| Untracked 
|  32|0x0000000088a00000, 0x0000000088a00000, 0x0000000088b00000|  0%| F|  |TAMS 0x0000000088a00000| PB 0x0000000088a00000| Untracked 
|  33|0x0000000088b00000, 0x0000000088b49fa8, 0x0000000088c00000| 28%| O|  |TAMS 0x0000000088b00000| PB 0x0000000088b00000| Untracked 
|  34|0x0000000088c00000, 0x0000000088c00000, 0x0000000088d00000|  0%| F|  |TAMS 0x0000000088c00000| PB 0x0000000088c00000| Untracked 
|  35|0x0000000088d00000, 0x0000000088e00000, 0x0000000088e00000|100%| O|  |TAMS 0x0000000088d00000| PB 0x0000000088d00000| Untracked 
|  36|0x0000000088e00000, 0x0000000088ea8d40, 0x0000000088f00000| 65%| S|CS|TAMS 0x0000000088e00000| PB 0x0000000088e00000| Complete 
|  37|0x0000000088f00000, 0x0000000089000000, 0x0000000089000000|100%| S|CS|TAMS 0x0000000088f00000| PB 0x0000000088f00000| Complete 
|  38|0x0000000089000000, 0x0000000089100000, 0x0000000089100000|100%| S|CS|TAMS 0x0000000089000000| PB 0x0000000089000000| Complete 
|  39|0x0000000089100000, 0x0000000089100000, 0x0000000089200000|  0%| F|  |TAMS 0x0000000089100000| PB 0x0000000089100000| Untracked 
|  40|0x0000000089200000, 0x0000000089200000, 0x0000000089300000|  0%| F|  |TAMS 0x0000000089200000| PB 0x0000000089200000| Untracked 
|  41|0x0000000089300000, 0x0000000089300000, 0x0000000089400000|  0%| F|  |TAMS 0x0000000089300000| PB 0x0000000089300000| Untracked 
|  42|0x0000000089400000, 0x0000000089400000, 0x0000000089500000|  0%| F|  |TAMS 0x0000000089400000| PB 0x0000000089400000| Untracked 
|  43|0x0000000089500000, 0x0000000089500000, 0x0000000089600000|  0%| F|  |TAMS 0x0000000089500000| PB 0x0000000089500000| Untracked 
|  44|0x0000000089600000, 0x0000000089700000, 0x0000000089700000|100%| S|CS|TAMS 0x0000000089600000| PB 0x0000000089600000| Complete 
|  45|0x0000000089700000, 0x0000000089800000, 0x0000000089800000|100%| S|CS|TAMS 0x0000000089700000| PB 0x0000000089700000| Complete 
|  46|0x0000000089800000, 0x0000000089900000, 0x0000000089900000|100%| S|CS|TAMS 0x0000000089800000| PB 0x0000000089800000| Complete 
|  47|0x0000000089900000, 0x0000000089900000, 0x0000000089a00000|  0%| F|  |TAMS 0x0000000089900000| PB 0x0000000089900000| Untracked 
|  48|0x0000000089a00000, 0x0000000089a00000, 0x0000000089b00000|  0%| F|  |TAMS 0x0000000089a00000| PB 0x0000000089a00000| Untracked 
|  49|0x0000000089b00000, 0x0000000089b00000, 0x0000000089c00000|  0%| F|  |TAMS 0x0000000089b00000| PB 0x0000000089b00000| Untracked 
|  50|0x0000000089c00000, 0x0000000089c00000, 0x0000000089d00000|  0%| F|  |TAMS 0x0000000089c00000| PB 0x0000000089c00000| Untracked 
|  51|0x0000000089d00000, 0x0000000089d00000, 0x0000000089e00000|  0%| F|  |TAMS 0x0000000089d00000| PB 0x0000000089d00000| Untracked 
|  52|0x0000000089e00000, 0x0000000089e00000, 0x0000000089f00000|  0%| F|  |TAMS 0x0000000089e00000| PB 0x0000000089e00000| Untracked 
|  53|0x0000000089f00000, 0x0000000089f00000, 0x000000008a000000|  0%| F|  |TAMS 0x0000000089f00000| PB 0x0000000089f00000| Untracked 
|  54|0x000000008a000000, 0x000000008a000000, 0x000000008a100000|  0%| F|  |TAMS 0x000000008a000000| PB 0x000000008a000000| Untracked 
|  55|0x000000008a100000, 0x000000008a100000, 0x000000008a200000|  0%| F|  |TAMS 0x000000008a100000| PB 0x000000008a100000| Untracked 
|  56|0x000000008a200000, 0x000000008a200000, 0x000000008a300000|  0%| F|  |TAMS 0x000000008a200000| PB 0x000000008a200000| Untracked 
|  57|0x000000008a300000, 0x000000008a300000, 0x000000008a400000|  0%| F|  |TAMS 0x000000008a300000| PB 0x000000008a300000| Untracked 
|  58|0x000000008a400000, 0x000000008a4467e8, 0x000000008a500000| 27%| E|  |TAMS 0x000000008a400000| PB 0x000000008a400000| Complete 
|  59|0x000000008a500000, 0x000000008a600000, 0x000000008a600000|100%| E|CS|TAMS 0x000000008a500000| PB 0x000000008a500000| Complete 
|  60|0x000000008a600000, 0x000000008a700000, 0x000000008a700000|100%| E|CS|TAMS 0x000000008a600000| PB 0x000000008a600000| Complete 
|  61|0x000000008a700000, 0x000000008a800000, 0x000000008a800000|100%| E|CS|TAMS 0x000000008a700000| PB 0x000000008a700000| Complete 
|  62|0x000000008a800000, 0x000000008a900000, 0x000000008a900000|100%| E|CS|TAMS 0x000000008a800000| PB 0x000000008a800000| Complete 
|  63|0x000000008a900000, 0x000000008aa00000, 0x000000008aa00000|100%| E|CS|TAMS 0x000000008a900000| PB 0x000000008a900000| Complete 
|  64|0x000000008aa00000, 0x000000008ab00000, 0x000000008ab00000|100%| E|CS|TAMS 0x000000008aa00000| PB 0x000000008aa00000| Complete 
|  65|0x000000008ab00000, 0x000000008ac00000, 0x000000008ac00000|100%| E|CS|TAMS 0x000000008ab00000| PB 0x000000008ab00000| Complete 
|  66|0x000000008ac00000, 0x000000008ad00000, 0x000000008ad00000|100%| E|CS|TAMS 0x000000008ac00000| PB 0x000000008ac00000| Complete 
|  67|0x000000008ad00000, 0x000000008ae00000, 0x000000008ae00000|100%| E|CS|TAMS 0x000000008ad00000| PB 0x000000008ad00000| Complete 
|  68|0x000000008ae00000, 0x000000008af00000, 0x000000008af00000|100%| E|CS|TAMS 0x000000008ae00000| PB 0x000000008ae00000| Complete 
|  69|0x000000008af00000, 0x000000008b000000, 0x000000008b000000|100%| E|CS|TAMS 0x000000008af00000| PB 0x000000008af00000| Complete 
|  70|0x000000008b000000, 0x000000008b100000, 0x000000008b100000|100%| E|CS|TAMS 0x000000008b000000| PB 0x000000008b000000| Complete 
|  71|0x000000008b100000, 0x000000008b200000, 0x000000008b200000|100%| E|CS|TAMS 0x000000008b100000| PB 0x000000008b100000| Complete 
|  72|0x000000008b200000, 0x000000008b300000, 0x000000008b300000|100%| E|CS|TAMS 0x000000008b200000| PB 0x000000008b200000| Complete 
|  73|0x000000008b300000, 0x000000008b400000, 0x000000008b400000|100%| E|CS|TAMS 0x000000008b300000| PB 0x000000008b300000| Complete 
|  74|0x000000008b400000, 0x000000008b500000, 0x000000008b500000|100%| E|CS|TAMS 0x000000008b400000| PB 0x000000008b400000| Complete 
|  75|0x000000008b500000, 0x000000008b600000, 0x000000008b600000|100%| E|CS|TAMS 0x000000008b500000| PB 0x000000008b500000| Complete 
|  76|0x000000008b600000, 0x000000008b700000, 0x000000008b700000|100%| E|CS|TAMS 0x000000008b600000| PB 0x000000008b600000| Complete 
|  77|0x000000008b700000, 0x000000008b800000, 0x000000008b800000|100%| E|CS|TAMS 0x000000008b700000| PB 0x000000008b700000| Complete 
|  78|0x000000008b800000, 0x000000008b900000, 0x000000008b900000|100%| E|CS|TAMS 0x000000008b800000| PB 0x000000008b800000| Complete 
|  79|0x000000008b900000, 0x000000008ba00000, 0x000000008ba00000|100%| E|CS|TAMS 0x000000008b900000| PB 0x000000008b900000| Complete 
|  80|0x000000008ba00000, 0x000000008bb00000, 0x000000008bb00000|100%| E|CS|TAMS 0x000000008ba00000| PB 0x000000008ba00000| Complete 
|  81|0x000000008bb00000, 0x000000008bc00000, 0x000000008bc00000|100%| E|CS|TAMS 0x000000008bb00000| PB 0x000000008bb00000| Complete 
|  82|0x000000008bc00000, 0x000000008bd00000, 0x000000008bd00000|100%| E|CS|TAMS 0x000000008bc00000| PB 0x000000008bc00000| Complete 
|  83|0x000000008bd00000, 0x000000008be00000, 0x000000008be00000|100%| E|CS|TAMS 0x000000008bd00000| PB 0x000000008bd00000| Complete 
|  84|0x000000008be00000, 0x000000008bf00000, 0x000000008bf00000|100%| E|CS|TAMS 0x000000008be00000| PB 0x000000008be00000| Complete 
|  85|0x000000008bf00000, 0x000000008c000000, 0x000000008c000000|100%| E|CS|TAMS 0x000000008bf00000| PB 0x000000008bf00000| Complete 
|  86|0x000000008c000000, 0x000000008c100000, 0x000000008c100000|100%| E|CS|TAMS 0x000000008c000000| PB 0x000000008c000000| Complete 
|  87|0x000000008c100000, 0x000000008c200000, 0x000000008c200000|100%| E|CS|TAMS 0x000000008c100000| PB 0x000000008c100000| Complete 
|  88|0x000000008c200000, 0x000000008c300000, 0x000000008c300000|100%| E|CS|TAMS 0x000000008c200000| PB 0x000000008c200000| Complete 
|  89|0x000000008c300000, 0x000000008c400000, 0x000000008c400000|100%| E|CS|TAMS 0x000000008c300000| PB 0x000000008c300000| Complete 
|  90|0x000000008c400000, 0x000000008c500000, 0x000000008c500000|100%| E|CS|TAMS 0x000000008c400000| PB 0x000000008c400000| Complete 
|  91|0x000000008c500000, 0x000000008c600000, 0x000000008c600000|100%| E|CS|TAMS 0x000000008c500000| PB 0x000000008c500000| Complete 
|  92|0x000000008c600000, 0x000000008c700000, 0x000000008c700000|100%| E|CS|TAMS 0x000000008c600000| PB 0x000000008c600000| Complete 
|  93|0x000000008c700000, 0x000000008c800000, 0x000000008c800000|100%| E|CS|TAMS 0x000000008c700000| PB 0x000000008c700000| Complete 
|  94|0x000000008c800000, 0x000000008c900000, 0x000000008c900000|100%| E|CS|TAMS 0x000000008c800000| PB 0x000000008c800000| Complete 
|  95|0x000000008c900000, 0x000000008ca00000, 0x000000008ca00000|100%| E|CS|TAMS 0x000000008c900000| PB 0x000000008c900000| Complete 
|  96|0x000000008ca00000, 0x000000008cb00000, 0x000000008cb00000|100%| E|CS|TAMS 0x000000008ca00000| PB 0x000000008ca00000| Complete 
|  97|0x000000008cb00000, 0x000000008cc00000, 0x000000008cc00000|100%| E|CS|TAMS 0x000000008cb00000| PB 0x000000008cb00000| Complete 
|  98|0x000000008cc00000, 0x000000008cd00000, 0x000000008cd00000|100%| E|CS|TAMS 0x000000008cc00000| PB 0x000000008cc00000| Complete 
|  99|0x000000008cd00000, 0x000000008ce00000, 0x000000008ce00000|100%| E|CS|TAMS 0x000000008cd00000| PB 0x000000008cd00000| Complete 
| 100|0x000000008ce00000, 0x000000008cf00000, 0x000000008cf00000|100%| E|CS|TAMS 0x000000008ce00000| PB 0x000000008ce00000| Complete 
| 101|0x000000008cf00000, 0x000000008d000000, 0x000000008d000000|100%| E|CS|TAMS 0x000000008cf00000| PB 0x000000008cf00000| Complete 
| 102|0x000000008d000000, 0x000000008d100000, 0x000000008d100000|100%| E|CS|TAMS 0x000000008d000000| PB 0x000000008d000000| Complete 
| 103|0x000000008d100000, 0x000000008d200000, 0x000000008d200000|100%| E|CS|TAMS 0x000000008d100000| PB 0x000000008d100000| Complete 

Card table byte_map: [0x0000028943e20000,0x00000289441f0000] _byte_map_base: 0x00000289439eb000

Marking Bits: (CMBitMap*) 0x00000289380adf90
 Bits: [0x00000289441f0000, 0x0000028946048000)

Polling page: 0x0000028935fa0000

Metaspace:

Usage:
  Non-class:     51.19 MB used.
      Class:      7.88 MB used.
       Both:     59.07 MB used.

Virtual space:
  Non-class space:       64.00 MB reserved,      51.56 MB ( 81%) committed,  1 nodes.
      Class space:        1.00 GB reserved,       8.25 MB ( <1%) committed,  1 nodes.
             Both:        1.06 GB reserved,      59.81 MB (  5%) committed. 

Chunk freelists:
   Non-Class:  12.33 MB
       Class:  7.63 MB
        Both:  19.96 MB

MaxMetaspaceSize: unlimited
CompressedClassSpaceSize: 1.00 GB
Initial GC threshold: 21.00 MB
Current GC threshold: 99.94 MB
CDS: on
 - commit_granule_bytes: 65536.
 - commit_granule_words: 8192.
 - virtual_space_node_default_size: 8388608.
 - enlarge_chunks_in_place: 1.
 - use_allocation_guard: 0.


Internal statistics:

num_allocs_failed_limit: 6.
num_arena_births: 3042.
num_arena_deaths: 1972.
num_vsnodes_births: 2.
num_vsnodes_deaths: 0.
num_space_committed: 975.
num_space_uncommitted: 11.
num_chunks_returned_to_freelist: 2887.
num_chunks_taken_from_freelist: 6408.
num_chunk_merges: 593.
num_chunk_splits: 3087.
num_chunks_enlarged: 1987.
num_inconsistent_stats: 0.

CodeCache: size=49152Kb used=19099Kb max_used=20691Kb free=30052Kb
 bounds [0x0000028940720000, 0x0000028941ba0000, 0x0000028943720000]
 total_blobs=9454 nmethods=8770 adapters=607
 compilation: enabled
              stopped_count=0, restarted_count=0
 full_count=0

Compilation events (20 events):
Event: 10295.167 Thread 0x0000028948cc4230 16663       1       org.apache.catalina.core.ApplicationContext::getSessionCookieConfig (5 bytes)
Event: 10295.167 Thread 0x0000028948cc4230 nmethod 16663 0x0000028941646e90 code [0x0000028941647020, 0x00000289416470e8]
Event: 10295.167 Thread 0x00000289916c1150 16664       1       org.springframework.security.web.util.matcher.AntPathRequestMatcher::matches (68 bytes)
Event: 10295.168 Thread 0x00000289916c1150 nmethod 16664 0x0000028941646710 code [0x0000028941646940, 0x0000028941646ca8]
Event: 10295.168 Thread 0x00000289916c1150 16665       1       org.springframework.web.context.request.ServletRequestAttributes::getResponse (5 bytes)
Event: 10295.168 Thread 0x00000289916c1150 nmethod 16665 0x0000028941646410 code [0x00000289416465a0, 0x0000028941646668]
Event: 10297.626 Thread 0x0000028948cc4230 16666       1       java.util.Calendar::isFieldSet (14 bytes)
Event: 10297.626 Thread 0x00000289916c1150 16667       1       com.mysql.cj.protocol.a.NativeServerSession::getCapabilities (5 bytes)
Event: 10297.626 Thread 0x00000289916c1150 nmethod 16667 0x0000028941646110 code [0x00000289416462a0, 0x0000028941646368]
Event: 10297.626 Thread 0x0000028948cc4230 nmethod 16666 0x0000028941645e10 code [0x0000028941645fa0, 0x0000028941646068]
Event: 10297.627 Thread 0x00000289916c1150 16668       1       java.util.regex.Pattern$StartS::match (138 bytes)
Event: 10297.628 Thread 0x00000289916c1150 nmethod 16668 0x0000028941645690 code [0x0000028941645880, 0x0000028941645c28]
Event: 10297.628 Thread 0x00000289916c1150 16669       1       java.util.ArrayDeque::elementAt (4 bytes)
Event: 10297.628 Thread 0x00000289916c1150 nmethod 16669 0x0000028941645390 code [0x0000028941645520, 0x00000289416455f0]
Event: 10297.628 Thread 0x0000028948cc4230 16670       1       org.springframework.web.util.HierarchicalUriComponents$Type$10::isAllowed (40 bytes)
Event: 10297.628 Thread 0x0000028948cc4230 nmethod 16670 0x0000028941644f10 code [0x00000289416450c0, 0x00000289416452a0]
Event: 10297.841 Thread 0x00000289916c1150 16671       1       java.lang.String::decodeUTF8_UTF16 (624 bytes)
Event: 10297.844 Thread 0x00000289916c1150 nmethod 16671 0x0000028941643610 code [0x00000289416438a0, 0x00000289416444d0]
Event: 10297.851 Thread 0x0000028948cc4230 16672       1       sun.util.locale.InternalLocaleBuilder::clearExtensions (50 bytes)
Event: 10297.852 Thread 0x0000028948cc4230 nmethod 16672 0x0000028941643210 code [0x00000289416433e0, 0x0000028941643570]

GC Heap History (20 events):
Event: 9595.206 GC heap before
{Heap before GC invocations=100 (full 7):
 garbage-first heap   total 106496K, used 90435K [0x0000000086a00000, 0x0000000100000000)
  region size 1024K, 62 young (63488K), 5 survivors (5120K)
 Metaspace       used 60806K, committed 61568K, reserved 1114112K
  class space    used 8096K, committed 8448K, reserved 1048576K
}
Event: 9595.210 GC heap after
{Heap after GC invocations=101 (full 7):
 garbage-first heap   total 106496K, used 33552K [0x0000000086a00000, 0x0000000100000000)
  region size 1024K, 6 young (6144K), 6 survivors (6144K)
 Metaspace       used 60806K, committed 61568K, reserved 1114112K
  class space    used 8096K, committed 8448K, reserved 1048576K
}
Event: 9759.458 GC heap before
{Heap before GC invocations=101 (full 7):
 garbage-first heap   total 106496K, used 89872K [0x0000000086a00000, 0x0000000100000000)
  region size 1024K, 61 young (62464K), 6 survivors (6144K)
 Metaspace       used 60831K, committed 61632K, reserved 1114112K
  class space    used 8100K, committed 8448K, reserved 1048576K
}
Event: 9759.472 GC heap after
{Heap after GC invocations=102 (full 7):
 garbage-first heap   total 106496K, used 33436K [0x0000000086a00000, 0x0000000100000000)
  region size 1024K, 3 young (3072K), 3 survivors (3072K)
 Metaspace       used 60831K, committed 61632K, reserved 1114112K
  class space    used 8100K, committed 8448K, reserved 1048576K
}
Event: 10086.912 GC heap before
{Heap before GC invocations=102 (full 7):
 garbage-first heap   total 106496K, used 93852K [0x0000000086a00000, 0x0000000100000000)
  region size 1024K, 62 young (63488K), 3 survivors (3072K)
 Metaspace       used 60831K, committed 61632K, reserved 1114112K
  class space    used 8100K, committed 8448K, reserved 1048576K
}
Event: 10086.923 GC heap after
{Heap after GC invocations=103 (full 7):
 garbage-first heap   total 106496K, used 33335K [0x0000000086a00000, 0x0000000100000000)
  region size 1024K, 3 young (3072K), 3 survivors (3072K)
 Metaspace       used 60831K, committed 61632K, reserved 1114112K
  class space    used 8100K, committed 8448K, reserved 1048576K
}
Event: 10269.116 GC heap before
{Heap before GC invocations=104 (full 7):
 garbage-first heap   total 106496K, used 85352K [0x0000000086a00000, 0x0000000100000000)
  region size 1024K, 55 young (56320K), 3 survivors (3072K)
 Metaspace       used 59294K, committed 60672K, reserved 1114112K
  class space    used 7909K, committed 8448K, reserved 1048576K
}
Event: 10269.156 GC heap after
{Heap after GC invocations=105 (full 8):
 garbage-first heap   total 96256K, used 25848K [0x0000000086a00000, 0x0000000100000000)
  region size 1024K, 0 young (0K), 0 survivors (0K)
 Metaspace       used 59244K, committed 60672K, reserved 1114112K
  class space    used 7897K, committed 8448K, reserved 1048576K
}
Event: 10269.598 GC heap before
{Heap before GC invocations=105 (full 8):
 garbage-first heap   total 96256K, used 83192K [0x0000000086a00000, 0x0000000100000000)
  region size 1024K, 56 young (57344K), 0 survivors (0K)
 Metaspace       used 59611K, committed 60672K, reserved 1114112K
  class space    used 7958K, committed 8448K, reserved 1048576K
}
Event: 10269.602 GC heap after
{Heap after GC invocations=106 (full 8):
 garbage-first heap   total 96256K, used 31074K [0x0000000086a00000, 0x0000000100000000)
  region size 1024K, 6 young (6144K), 6 survivors (6144K)
 Metaspace       used 59611K, committed 60672K, reserved 1114112K
  class space    used 7958K, committed 8448K, reserved 1048576K
}
Event: 10269.861 GC heap before
{Heap before GC invocations=107 (full 8):
 garbage-first heap   total 96256K, used 80226K [0x0000000086a00000, 0x0000000100000000)
  region size 1024K, 54 young (55296K), 6 survivors (6144K)
 Metaspace       used 59905K, committed 60736K, reserved 1114112K
  class space    used 8001K, committed 8448K, reserved 1048576K
}
Event: 10269.865 GC heap after
{Heap after GC invocations=108 (full 8):
 garbage-first heap   total 96256K, used 33048K [0x0000000086a00000, 0x0000000100000000)
  region size 1024K, 3 young (3072K), 3 survivors (3072K)
 Metaspace       used 59905K, committed 60736K, reserved 1114112K
  class space    used 8001K, committed 8448K, reserved 1048576K
}
Event: 10270.488 GC heap before
{Heap before GC invocations=108 (full 8):
 garbage-first heap   total 96256K, used 83224K [0x0000000086a00000, 0x0000000100000000)
  region size 1024K, 52 young (53248K), 3 survivors (3072K)
 Metaspace       used 60056K, committed 60864K, reserved 1114112K
  class space    used 8030K, committed 8448K, reserved 1048576K
}
Event: 10270.493 GC heap after
{Heap after GC invocations=109 (full 8):
 garbage-first heap   total 115712K, used 38731K [0x0000000086a00000, 0x0000000100000000)
  region size 1024K, 7 young (7168K), 7 survivors (7168K)
 Metaspace       used 60056K, committed 60864K, reserved 1114112K
  class space    used 8030K, committed 8448K, reserved 1048576K
}
Event: 10285.760 GC heap before
{Heap before GC invocations=109 (full 8):
 garbage-first heap   total 115712K, used 49995K [0x0000000086a00000, 0x0000000100000000)
  region size 1024K, 19 young (19456K), 7 survivors (7168K)
 Metaspace       used 60084K, committed 60928K, reserved 1114112K
  class space    used 8033K, committed 8448K, reserved 1048576K
}
Event: 10285.804 GC heap after
{Heap after GC invocations=110 (full 9):
 garbage-first heap   total 106496K, used 28729K [0x0000000086a00000, 0x0000000100000000)
  region size 1024K, 0 young (0K), 0 survivors (0K)
 Metaspace       used 59929K, committed 60928K, reserved 1114112K
  class space    used 7998K, committed 8448K, reserved 1048576K
}
Event: 10286.440 GC heap before
{Heap before GC invocations=110 (full 9):
 garbage-first heap   total 106496K, used 89145K [0x0000000086a00000, 0x0000000100000000)
  region size 1024K, 60 young (61440K), 0 survivors (0K)
 Metaspace       used 60195K, committed 60992K, reserved 1114112K
  class space    used 8032K, committed 8448K, reserved 1048576K
}
Event: 10286.443 GC heap after
{Heap after GC invocations=111 (full 9):
 garbage-first heap   total 106496K, used 33052K [0x0000000086a00000, 0x0000000100000000)
  region size 1024K, 5 young (5120K), 5 survivors (5120K)
 Metaspace       used 60195K, committed 60992K, reserved 1114112K
  class space    used 8032K, committed 8448K, reserved 1048576K
}
Event: 10286.702 GC heap before
{Heap before GC invocations=112 (full 9):
 garbage-first heap   total 106496K, used 91420K [0x0000000086a00000, 0x0000000100000000)
  region size 1024K, 62 young (63488K), 5 survivors (5120K)
 Metaspace       used 60459K, committed 61248K, reserved 1114112K
  class space    used 8064K, committed 8448K, reserved 1048576K
}
Event: 10286.707 GC heap after
{Heap after GC invocations=113 (full 9):
 garbage-first heap   total 106496K, used 34524K [0x0000000086a00000, 0x0000000100000000)
  region size 1024K, 6 young (6144K), 6 survivors (6144K)
 Metaspace       used 60459K, committed 61248K, reserved 1114112K
  class space    used 8064K, committed 8448K, reserved 1048576K
}

Dll operation events (12 events):
Event: 0.008 Loaded shared library C:\pleiades\2024-06\java\21\bin\java.dll
Event: 0.310 Loaded shared library C:\pleiades\2024-06\java\21\bin\zip.dll
Event: 0.315 Loaded shared library C:\pleiades\2024-06\java\21\bin\instrument.dll
Event: 0.319 Loaded shared library C:\pleiades\2024-06\java\21\bin\net.dll
Event: 0.320 Loaded shared library C:\pleiades\2024-06\java\21\bin\nio.dll
Event: 0.324 Loaded shared library C:\pleiades\2024-06\java\21\bin\zip.dll
Event: 0.415 Loaded shared library C:\pleiades\2024-06\java\21\bin\jimage.dll
Event: 0.447 Loaded shared library C:\pleiades\2024-06\java\21\bin\management.dll
Event: 0.456 Loaded shared library C:\pleiades\2024-06\java\21\bin\management_ext.dll
Event: 0.597 Loaded shared library C:\pleiades\2024-06\java\21\bin\verify.dll
Event: 0.666 Loaded shared library C:\pleiades\2024-06\java\21\bin\extnet.dll
Event: 1.651 Loaded shared library C:\pleiades\2024-06\java\21\bin\sunmscapi.dll

Deoptimization events (20 events):
Event: 10291.758 Thread 0x000002898e9d5270 DEOPT PACKING pc=0x000002894123c45c sp=0x000000a9ce9f6430
Event: 10291.758 Thread 0x000002898e9d5270 DEOPT UNPACKING pc=0x0000028940774e42 sp=0x000000a9ce9f5968 mode 1
Event: 10291.758 Thread 0x000002898e9d5270 DEOPT PACKING pc=0x000002894123d3e4 sp=0x000000a9ce9f6520
Event: 10291.758 Thread 0x000002898e9d5270 DEOPT UNPACKING pc=0x0000028940774e42 sp=0x000000a9ce9f5ad0 mode 1
Event: 10291.758 Thread 0x000002898e9d5270 DEOPT PACKING pc=0x00000289412d0994 sp=0x000000a9ce9f6690
Event: 10291.758 Thread 0x000002898e9d5270 DEOPT UNPACKING pc=0x0000028940774e42 sp=0x000000a9ce9f5c50 mode 1
Event: 10291.759 Thread 0x000002898e9d5270 DEOPT PACKING pc=0x000002894123c45c sp=0x000000a9ce9f67e0
Event: 10291.759 Thread 0x000002898e9d5270 DEOPT UNPACKING pc=0x0000028940774e42 sp=0x000000a9ce9f5d18 mode 1
Event: 10291.759 Thread 0x000002898e9d5270 DEOPT PACKING pc=0x000002894123d3e4 sp=0x000000a9ce9f68d0
Event: 10291.759 Thread 0x000002898e9d5270 DEOPT UNPACKING pc=0x0000028940774e42 sp=0x000000a9ce9f5e80 mode 1
Event: 10291.759 Thread 0x000002898e9d5270 DEOPT PACKING pc=0x00000289412d0994 sp=0x000000a9ce9f6a40
Event: 10291.759 Thread 0x000002898e9d5270 DEOPT UNPACKING pc=0x0000028940774e42 sp=0x000000a9ce9f6000 mode 1
Event: 10291.760 Thread 0x000002898e9d5270 DEOPT PACKING pc=0x000002894123c45c sp=0x000000a9ce9f63a0
Event: 10291.760 Thread 0x000002898e9d5270 DEOPT UNPACKING pc=0x0000028940774e42 sp=0x000000a9ce9f58d8 mode 1
Event: 10291.760 Thread 0x000002898e9d5270 DEOPT PACKING pc=0x000002894123d3e4 sp=0x000000a9ce9f6490
Event: 10291.760 Thread 0x000002898e9d5270 DEOPT UNPACKING pc=0x0000028940774e42 sp=0x000000a9ce9f5a40 mode 1
Event: 10291.760 Thread 0x000002898e9d5270 DEOPT PACKING pc=0x00000289412d0994 sp=0x000000a9ce9f6600
Event: 10291.760 Thread 0x000002898e9d5270 DEOPT UNPACKING pc=0x0000028940774e42 sp=0x000000a9ce9f5bc0 mode 1
Event: 10337.777 Thread 0x000002898e9d31a0 DEOPT PACKING pc=0x00000289410e20c4 sp=0x000000a9cebfa260
Event: 10337.777 Thread 0x000002898e9d31a0 DEOPT UNPACKING pc=0x0000028940774e42 sp=0x000000a9cebf9708 mode 0

Classes loaded (20 events):
Event: 10212.095 Loading class sun/net/www/http/KeepAliveStreamCleaner
Event: 10212.095 Loading class sun/net/www/http/KeepAliveStreamCleaner done
Event: 10212.096 Loading class sun/net/www/http/KeepAliveStreamCleaner$1
Event: 10212.097 Loading class sun/net/www/http/KeepAliveStreamCleaner$1 done
Event: 10212.097 Loading class sun/net/www/http/KeepAliveStreamCleaner$2
Event: 10212.097 Loading class sun/net/www/http/KeepAliveStreamCleaner$2 done
Event: 10212.097 Loading class sun/net/www/protocol/http/HttpURLConnection$HttpInputStream
Event: 10212.098 Loading class sun/net/www/protocol/http/HttpURLConnection$HttpInputStream done
Event: 10212.145 Loading class java/io/PushbackInputStream
Event: 10212.146 Loading class java/io/PushbackInputStream done
Event: 10212.170 Loading class sun/net/www/http/KeepAliveCache$1
Event: 10212.170 Loading class sun/net/www/http/KeepAliveCache$1 done
Event: 10212.170 Loading class sun/net/www/http/KeepAliveCache$ClientVector
Event: 10212.170 Loading class sun/net/www/http/KeepAliveCache$ClientVector done
Event: 10212.171 Loading class sun/net/www/http/KeepAliveEntry
Event: 10212.171 Loading class sun/net/www/http/KeepAliveEntry done
Event: 10212.254 Loading class java/io/OutputStream$1
Event: 10212.254 Loading class java/io/OutputStream$1 done
Event: 10269.825 Loading class java/time/DurationEditor
Event: 10269.825 Loading class java/time/DurationEditor done

Classes unloaded (20 events):
Event: 10285.769 Thread 0x0000028948c8f570 Unloading class 0x000002894a0c7800 'java/lang/invoke/LambdaForm$MH+0x000002894a0c7800'
Event: 10285.769 Thread 0x0000028948c8f570 Unloading class 0x000002894a0c0800 'java/lang/invoke/LambdaForm$MH+0x000002894a0c0800'
Event: 10285.769 Thread 0x0000028948c8f570 Unloading class 0x000002894a008000 'java/lang/invoke/LambdaForm$MH+0x000002894a008000'
Event: 10285.769 Thread 0x0000028948c8f570 Unloading class 0x000002894a007400 'java/lang/invoke/LambdaForm$MH+0x000002894a007400'
Event: 10285.769 Thread 0x0000028948c8f570 Unloading class 0x000002894a005400 'java/lang/invoke/LambdaForm$MH+0x000002894a005400'
Event: 10285.769 Thread 0x0000028948c8f570 Unloading class 0x000002894a3dd400 'java/lang/invoke/LambdaForm$MH+0x000002894a3dd400'
Event: 10285.769 Thread 0x0000028948c8f570 Unloading class 0x000002894a18a000 'java/lang/invoke/LambdaForm$MH+0x000002894a18a000'
Event: 10285.769 Thread 0x0000028948c8f570 Unloading class 0x000002894a138800 'java/lang/invoke/LambdaForm$MH+0x000002894a138800'
Event: 10285.769 Thread 0x0000028948c8f570 Unloading class 0x000002894a0c0400 'java/lang/invoke/LambdaForm$MH+0x000002894a0c0400'
Event: 10285.769 Thread 0x0000028948c8f570 Unloading class 0x000002894a003c00 'java/lang/invoke/LambdaForm$MH+0x000002894a003c00'
Event: 10285.769 Thread 0x0000028948c8f570 Unloading class 0x000002894a721400 'java/lang/invoke/LambdaForm$MH+0x000002894a721400'
Event: 10285.769 Thread 0x0000028948c8f570 Unloading class 0x000002894a728400 'java/lang/invoke/LambdaForm$MH+0x000002894a728400'
Event: 10285.769 Thread 0x0000028948c8f570 Unloading class 0x000002894a729000 'java/lang/invoke/LambdaForm$MH+0x000002894a729000'
Event: 10285.769 Thread 0x0000028948c8f570 Unloading class 0x000002894a73b000 'java/lang/invoke/LambdaForm$MH+0x000002894a73b000'
Event: 10285.769 Thread 0x0000028948c8f570 Unloading class 0x000002894a788400 'java/lang/invoke/LambdaForm$MH+0x000002894a788400'
Event: 10285.769 Thread 0x0000028948c8f570 Unloading class 0x000002894a7a8000 'java/lang/invoke/LambdaForm$MH+0x000002894a7a8000'
Event: 10285.769 Thread 0x0000028948c8f570 Unloading class 0x000002894a1ac800 'java/lang/invoke/LambdaForm$MH+0x000002894a1ac800'
Event: 10285.769 Thread 0x0000028948c8f570 Unloading class 0x000002894a364800 'java/lang/invoke/LambdaForm$MH+0x000002894a364800'
Event: 10285.769 Thread 0x0000028948c8f570 Unloading class 0x000002894a4a8400 'java/lang/invoke/LambdaForm$MH+0x000002894a4a8400'
Event: 10285.769 Thread 0x0000028948c8f570 Unloading class 0x000002894a4a9400 'java/lang/invoke/LambdaForm$MH+0x000002894a4a9400'

Classes redefined (20 events):
Event: 9588.937 Thread 0x0000028948c8f570 redefined class name=com.example.demo.security.CustomAuthentication, count=4
Event: 9593.021 Thread 0x0000028948c8f570 redefined class name=com.example.demo.security.CustomAuthentication, count=3
Event: 9593.021 Thread 0x0000028948c8f570 redefined class name=com.example.demo.security.CustomAuthentication, count=5
Event: 9593.021 Thread 0x0000028948c8f570 redefined class name=com.example.demo.security.CustomAuthentication, count=2
Event: 9593.021 Thread 0x0000028948c8f570 redefined class name=com.example.demo.security.CustomAuthentication, count=6
Event: 9593.021 Thread 0x0000028948c8f570 redefined class name=com.example.demo.security.CustomAuthentication, count=7
Event: 9593.021 Thread 0x0000028948c8f570 redefined class name=com.example.demo.security.CustomAuthentication, count=4
Event: 9593.021 Thread 0x0000028948c8f570 redefined class name=com.example.demo.security.CustomAuthentication, count=1
Event: 10267.614 Thread 0x0000028948c8f570 redefined class name=com.example.demo.controller.MenuController, count=1
Event: 10267.614 Thread 0x0000028948c8f570 redefined class name=com.example.demo.controller.MenuController, count=1
Event: 10267.614 Thread 0x0000028948c8f570 redefined class name=com.example.demo.controller.MenuController, count=1
Event: 10284.807 Thread 0x0000028948c8f570 redefined class name=com.example.demo.controller.MenuController, count=1
Event: 10284.807 Thread 0x0000028948c8f570 redefined class name=com.example.demo.controller.MenuController, count=2
Event: 10284.807 Thread 0x0000028948c8f570 redefined class name=com.example.demo.controller.MenuController, count=2
Event: 10284.807 Thread 0x0000028948c8f570 redefined class name=com.example.demo.controller.MenuController, count=2
Event: 10337.794 Thread 0x0000028948c8f570 redefined class name=com.example.demo.controller.MenuController, count=1
Event: 10337.794 Thread 0x0000028948c8f570 redefined class name=com.example.demo.controller.MenuController, count=2
Event: 10337.794 Thread 0x0000028948c8f570 redefined class name=com.example.demo.controller.MenuController, count=3
Event: 10337.794 Thread 0x0000028948c8f570 redefined class name=com.example.demo.controller.MenuController, count=3
Event: 10337.794 Thread 0x0000028948c8f570 redefined class name=com.example.demo.controller.MenuController, count=3

Internal exceptions (20 events):
Event: 10285.753 Thread 0x000002898e9d4be0 Exception <a 'java/io/IOException'{0x000000008d0d15e0}> (0x000000008d0d15e0) 
thrown [s\src\hotspot\share\prims\jni.cpp, line 520]
Event: 10285.753 Thread 0x000002898e9d4be0 Exception <a 'java/io/IOException'{0x000000008d0d2200}> (0x000000008d0d2200) 
thrown [s\src\hotspot\share\prims\jni.cpp, line 520]
Event: 10285.754 Thread 0x000002898e9d4be0 Exception <a 'java/io/IOException'{0x000000008d0d4060}> (0x000000008d0d4060) 
thrown [s\src\hotspot\share\prims\jni.cpp, line 520]
Event: 10285.754 Thread 0x000002898e9d4be0 Exception <a 'java/io/IOException'{0x000000008d0d5e98}> (0x000000008d0d5e98) 
thrown [s\src\hotspot\share\prims\jni.cpp, line 520]
Event: 10285.755 Thread 0x000002898e9d4be0 Exception <a 'java/io/IOException'{0x000000008d0d6ab8}> (0x000000008d0d6ab8) 
thrown [s\src\hotspot\share\prims\jni.cpp, line 520]
Event: 10285.755 Thread 0x000002898e9d4be0 Exception <a 'java/io/IOException'{0x000000008d0dbec0}> (0x000000008d0dbec0) 
thrown [s\src\hotspot\share\prims\jni.cpp, line 520]
Event: 10285.756 Thread 0x000002898e9d4be0 Exception <a 'java/io/IOException'{0x000000008d0dcae0}> (0x000000008d0dcae0) 
thrown [s\src\hotspot\share\prims\jni.cpp, line 520]
Event: 10285.759 Thread 0x000002898ee2dc00 Exception <a 'java/lang/InterruptedException'{0x000000008d0f34c8}: sleep interrupted> (0x000000008d0f34c8) 
thrown [s\src\hotspot\share\prims\jvm.cpp, line 3074]
Event: 10285.816 Thread 0x000002898e9d0a40 Exception <a 'sun/nio/fs/WindowsException'{0x000000008d19b4f8}> (0x000000008d19b4f8) 
thrown [s\src\hotspot\share\prims\jni.cpp, line 520]
Event: 10286.093 Thread 0x000002898e9d0a40 Exception <a 'java/lang/NoClassDefFoundError'{0x000000008ad702d0}: org/flywaydb/core/Flyway> (0x000000008ad702d0) 
thrown [s\src\hotspot\share\oops\constantPool.cpp, line 873]
Event: 10286.308 Thread 0x000002898e9d0a40 Exception <a 'java/lang/NoClassDefFoundError'{0x000000008ad70930}: liquibase/integration/spring/SpringLiquibase> (0x000000008ad70930) 
thrown [s\src\hotspot\share\oops\constantPool.cpp, line 873]
Event: 10286.313 Thread 0x000002898e9d0a40 Exception <a 'java/lang/NoClassDefFoundError'{0x000000008adf2328}: org/jooq/DSLContext> (0x000000008adf2328) 
thrown [s\src\hotspot\share\oops\constantPool.cpp, line 873]
Event: 10286.314 Thread 0x000002898e9d0a40 Exception <a 'java/lang/NoClassDefFoundError'{0x000000008adf3c08}: jakarta/persistence/EntityManagerFactory> (0x000000008adf3c08) 
thrown [s\src\hotspot\share\oops\constantPool.cpp, line 873]
Event: 10286.314 Thread 0x000002898e9d0a40 Exception <a 'java/lang/NoClassDefFoundError'{0x000000008adf4278}: org/springframework/batch/core/repository/JobRepository> (0x000000008adf4278) 
thrown [s\src\hotspot\share\oops\constantPool.cpp, line 873]
Event: 10286.314 Thread 0x000002898e9d0a40 Exception <a 'java/lang/NoClassDefFoundError'{0x000000008adf48d0}: org/quartz/Scheduler> (0x000000008adf48d0) 
thrown [s\src\hotspot\share\oops\constantPool.cpp, line 873]
Event: 10286.315 Thread 0x000002898e9d0a40 Exception <a 'java/lang/NoClassDefFoundError'{0x000000008adf4f50}: org/springframework/session/jdbc/JdbcIndexedSessionRepository> (0x000000008adf4f50) 
thrown [s\src\hotspot\share\oops\constantPool.cpp, line 873]
Event: 10286.369 Thread 0x000002898e9d0a40 Exception <a 'java/io/FileNotFoundException'{0x000000008a23a1f8}> (0x000000008a23a1f8) 
thrown [s\src\hotspot\share\prims\jni.cpp, line 520]
Event: 10286.400 Thread 0x000002898e9d0a40 Exception <a 'java/lang/NoSuchMethodError'{0x0000000089f44768}: static Lcom/example/demo/security/CustomUsersDetails;.<clinit>()V> (0x0000000089f44768) 
thrown [s\src\hotspot\share\prims\jni.cpp, line 1111]
Event: 10286.406 Thread 0x000002898e9d0a40 Exception <a 'java/io/FileNotFoundException'{0x0000000089fdd9c0}> (0x0000000089fdd9c0) 
thrown [s\src\hotspot\share\prims\jni.cpp, line 520]
Event: 10286.406 Thread 0x000002898e9d0a40 Exception <a 'java/io/FileNotFoundException'{0x0000000089fe8bf8}> (0x0000000089fe8bf8) 
thrown [s\src\hotspot\share\prims\jni.cpp, line 520]

ZGC Phase Switch (0 events):
No events

VM Operations (20 events):
Event: 10298.247 Executing VM operation: get/set locals
Event: 10298.247 Executing VM operation: get/set locals done
Event: 10337.776 Executing VM operation: ChangeSingleStep
Event: 10337.776 Executing VM operation: ChangeSingleStep done
Event: 10337.777 Executing VM operation: ChangeSingleStep
Event: 10337.777 Executing VM operation: ChangeSingleStep done
Event: 10337.787 Executing VM operation: RedefineClasses
Event: 10337.808 Executing VM operation: RedefineClasses done
Event: 10337.827 Executing VM operation: ChangeBreakpoints
Event: 10337.830 Executing VM operation: ChangeBreakpoints done
Event: 10337.832 Executing VM operation: ChangeBreakpoints
Event: 10337.835 Executing VM operation: ChangeBreakpoints done
Event: 10337.837 Executing VM operation: ChangeBreakpoints
Event: 10337.840 Executing VM operation: ChangeBreakpoints done
Event: 10337.842 Executing VM operation: ChangeBreakpoints
Event: 10337.845 Executing VM operation: ChangeBreakpoints done
Event: 10337.849 Executing VM operation: ChangeBreakpoints
Event: 10337.852 Executing VM operation: ChangeBreakpoints done
Event: 10337.856 Executing VM operation: ChangeSingleStep
Event: 10337.856 Executing VM operation: ChangeSingleStep done

Events (20 events):
Event: 10286.840 Thread 0x000002898ee31080 Thread added: 0x000002898ee31080
Event: 10286.844 Thread 0x000002898ee337e0 Thread added: 0x000002898ee337e0
Event: 10286.844 Thread 0x000002898ee2cee0 Thread added: 0x000002898ee2cee0
Event: 10286.848 Thread 0x000002898ee2f640 Thread added: 0x000002898ee2f640
Event: 10286.848 Thread 0x000002898ee2cee0 Thread exited: 0x000002898ee2cee0
Event: 10286.850 Thread 0x000002898ee31710 Thread added: 0x000002898ee31710
Event: 10286.852 Thread 0x000002898e9d0a40 Thread exited: 0x000002898e9d0a40
Event: 10286.853 Thread 0x000002898e9cf690 Thread exited: 0x000002898e9cf690
Event: 10286.854 Thread 0x000002898ee31710 Thread exited: 0x000002898ee31710
Event: 10286.889 Thread 0x000002898ee30360 Thread added: 0x000002898ee30360
Event: 10287.669 Thread 0x00000289916c2530 Thread exited: 0x00000289916c2530
Event: 10287.874 Thread 0x000002898ee2f640 Thread exited: 0x000002898ee2f640
Event: 10287.877 Thread 0x000002898ee33e70 Thread added: 0x000002898ee33e70
Event: 10288.611 Thread 0x00000289916c1e80 Thread exited: 0x00000289916c1e80
Event: 10288.684 Thread 0x000002898ee2cee0 Thread added: 0x000002898ee2cee0
Event: 10288.903 Thread 0x000002898ee33e70 Thread exited: 0x000002898ee33e70
Event: 10291.756 Thread 0x000002898ee2f640 Thread added: 0x000002898ee2f640
Event: 10292.259 Thread 0x000002898ee30360 Thread exited: 0x000002898ee30360
Event: 10302.852 Thread 0x00000289916c1150 Thread exited: 0x00000289916c1150
Event: 10311.759 Thread 0x000002898ee2f640 Thread exited: 0x000002898ee2f640


Dynamic libraries:
0x00007ff7b6570000 - 0x00007ff7b657e000 	C:\pleiades\2024-06\java\21\bin\javaw.exe
0x00007fffa6b70000 - 0x00007fffa6d87000 	C:\windows\SYSTEM32\ntdll.dll
0x00007fffa55e0000 - 0x00007fffa56a4000 	C:\windows\System32\KERNEL32.DLL
0x00007fffa3e70000 - 0x00007fffa4229000 	C:\windows\System32\KERNELBASE.dll
0x00007fffa4530000 - 0x00007fffa4641000 	C:\windows\System32\ucrtbase.dll
0x00007fff745a0000 - 0x00007fff745b8000 	C:\pleiades\2024-06\java\21\bin\jli.dll
0x00007fffa5100000 - 0x00007fffa52ae000 	C:\windows\System32\USER32.dll
0x00007fff99580000 - 0x00007fff9959b000 	C:\pleiades\2024-06\java\21\bin\VCRUNTIME140.dll
0x00007fffa4830000 - 0x00007fffa4856000 	C:\windows\System32\win32u.dll
0x00007fffa66d0000 - 0x00007fffa66f9000 	C:\windows\System32\GDI32.dll
0x00007fffa4710000 - 0x00007fffa482b000 	C:\windows\System32\gdi32full.dll
0x00007fff873e0000 - 0x00007fff87672000 	C:\windows\WinSxS\amd64_microsoft.windows.common-controls_6595b64144ccf1df_6.0.22621.4391_none_2715d37f73803e96\COMCTL32.dll
0x00007fffa4230000 - 0x00007fffa42ca000 	C:\windows\System32\msvcp_win.dll
0x00007fffa52b0000 - 0x00007fffa5357000 	C:\windows\System32\msvcrt.dll
0x00007fffa56b0000 - 0x00007fffa56e1000 	C:\windows\System32\IMM32.DLL
0x00007fff99570000 - 0x00007fff9957c000 	C:\pleiades\2024-06\java\21\bin\vcruntime140_1.dll
0x00007fff80460000 - 0x00007fff804ee000 	C:\pleiades\2024-06\java\21\bin\msvcp140.dll
0x00007fff24100000 - 0x00007fff24e82000 	C:\pleiades\2024-06\java\21\bin\server\jvm.dll
0x00007fffa6860000 - 0x00007fffa6912000 	C:\windows\System32\ADVAPI32.dll
0x00007fffa56f0000 - 0x00007fffa5797000 	C:\windows\System32\sechost.dll
0x00007fffa4860000 - 0x00007fffa4888000 	C:\windows\System32\bcrypt.dll
0x00007fffa65b0000 - 0x00007fffa66c4000 	C:\windows\System32\RPCRT4.dll
0x00007fffa6310000 - 0x00007fffa6381000 	C:\windows\System32\WS2_32.dll
0x00007fff9dd80000 - 0x00007fff9ddb4000 	C:\windows\SYSTEM32\WINMM.dll
0x00007fff9a5a0000 - 0x00007fff9a5aa000 	C:\windows\SYSTEM32\VERSION.dll
0x00007fffa39f0000 - 0x00007fffa3a3d000 	C:\windows\SYSTEM32\POWRPROF.dll
0x00007fffa39d0000 - 0x00007fffa39e3000 	C:\windows\SYSTEM32\UMPDC.dll
0x00007fffa2d80000 - 0x00007fffa2d98000 	C:\windows\SYSTEM32\kernel.appcore.dll
0x00007fff9dbe0000 - 0x00007fff9dbea000 	C:\pleiades\2024-06\java\21\bin\jimage.dll
0x00007fffa13d0000 - 0x00007fffa1602000 	C:\windows\SYSTEM32\DBGHELP.DLL
0x00007fffa4d70000 - 0x00007fffa50ff000 	C:\windows\System32\combase.dll
0x00007fffa64c0000 - 0x00007fffa6597000 	C:\windows\System32\OLEAUT32.dll
0x00007fff9ac10000 - 0x00007fff9ac42000 	C:\windows\SYSTEM32\dbgcore.DLL
0x00007fffa42d0000 - 0x00007fffa434b000 	C:\windows\System32\bcryptPrimitives.dll
0x00007fff824f0000 - 0x00007fff8252c000 	C:\pleiades\2024-06\java\21\bin\jdwp.dll
0x00007fff9dbb0000 - 0x00007fff9dbbf000 	C:\pleiades\2024-06\java\21\bin\instrument.dll
0x00007fff73a50000 - 0x00007fff73a6f000 	C:\pleiades\2024-06\java\21\bin\java.dll
0x00007fffa5830000 - 0x00007fffa60a6000 	C:\windows\System32\SHELL32.dll
0x00007fffa1a90000 - 0x00007fffa2393000 	C:\windows\SYSTEM32\windows.storage.dll
0x00007fffa1950000 - 0x00007fffa1a8f000 	C:\windows\SYSTEM32\wintypes.dll
0x00007fffa63b0000 - 0x00007fffa64a9000 	C:\windows\System32\SHCORE.dll
0x00007fffa53c0000 - 0x00007fffa541e000 	C:\windows\System32\shlwapi.dll
0x00007fffa3da0000 - 0x00007fffa3dcb000 	C:\windows\SYSTEM32\profapi.dll
0x00007fff9df00000 - 0x00007fff9df0b000 	C:\pleiades\2024-06\java\21\bin\dt_socket.dll
0x00007fffa25c0000 - 0x00007fffa25ed000 	C:\windows\SYSTEM32\IPHLPAPI.DLL
0x00007fffa3330000 - 0x00007fffa3399000 	C:\windows\system32\mswsock.dll
0x00007fffa2620000 - 0x00007fffa2722000 	C:\windows\SYSTEM32\DNSAPI.dll
0x00007fffa6280000 - 0x00007fffa6289000 	C:\windows\System32\NSI.dll
0x00007fff9d1d0000 - 0x00007fff9d1da000 	C:\Windows\System32\rasadhlp.dll
0x00007fff9de70000 - 0x00007fff9def3000 	C:\windows\System32\fwpuclnt.dll
0x00007fff72f60000 - 0x00007fff72f78000 	C:\pleiades\2024-06\java\21\bin\zip.dll
0x00007fff9b950000 - 0x00007fff9b960000 	C:\pleiades\2024-06\java\21\bin\net.dll
0x00007fffa2da0000 - 0x00007fffa2ed6000 	C:\windows\SYSTEM32\WINHTTP.dll
0x00007fff72e40000 - 0x00007fff72e56000 	C:\pleiades\2024-06\java\21\bin\nio.dll
0x00007fff9b960000 - 0x00007fff9b96a000 	C:\pleiades\2024-06\java\21\bin\management.dll
0x00007fff99550000 - 0x00007fff9955b000 	C:\pleiades\2024-06\java\21\bin\management_ext.dll
0x00007fffa65a0000 - 0x00007fffa65a8000 	C:\windows\System32\PSAPI.DLL
0x00007fff82f00000 - 0x00007fff82f17000 	C:\windows\system32\napinsp.dll
0x00007fff82ea0000 - 0x00007fff82ebb000 	C:\windows\system32\pnrpnsp.dll
0x00007fff83470000 - 0x00007fff83481000 	C:\windows\System32\winrnr.dll
0x00007fff9ba50000 - 0x00007fff9ba65000 	C:\windows\system32\wshbth.dll
0x00007fff83440000 - 0x00007fff83467000 	C:\windows\system32\nlansp_c.dll
0x00007fff9b970000 - 0x00007fff9b980000 	C:\pleiades\2024-06\java\21\bin\verify.dll
0x00007fffa3980000 - 0x00007fffa399b000 	C:\windows\SYSTEM32\CRYPTSP.dll
0x00007fffa2ce0000 - 0x00007fffa2d15000 	C:\windows\system32\rsaenh.dll
0x00007fffa33d0000 - 0x00007fffa33f8000 	C:\windows\SYSTEM32\USERENV.dll
0x00007fffa3960000 - 0x00007fffa396c000 	C:\windows\SYSTEM32\CRYPTBASE.dll
0x00007fff99560000 - 0x00007fff99569000 	C:\pleiades\2024-06\java\21\bin\extnet.dll
0x00007fff99540000 - 0x00007fff9954e000 	C:\pleiades\2024-06\java\21\bin\sunmscapi.dll
0x00007fffa43c0000 - 0x00007fffa4526000 	C:\windows\System32\CRYPT32.dll
0x00007fffa35f0000 - 0x00007fffa361d000 	C:\windows\SYSTEM32\ncrypt.dll
0x00007fffa35b0000 - 0x00007fffa35e7000 	C:\windows\SYSTEM32\NTASN1.dll
0x00007fff83180000 - 0x00007fff83188000 	C:\windows\system32\wshunix.dll

dbghelp: loaded successfully - version: 4.0.5 - missing functions: none
symbol engine: initialized successfully - sym options: 0x614 - pdb path: .;C:\pleiades\2024-06\java\21\bin;C:\windows\SYSTEM32;C:\windows\WinSxS\amd64_microsoft.windows.common-controls_6595b64144ccf1df_6.0.22621.4391_none_2715d37f73803e96;C:\pleiades\2024-06\java\21\bin\server

VM Arguments:
jvm_args: -XX:+ShowCodeDetailsInExceptionMessages -agentlib:jdwp=transport=dt_socket,suspend=y,address=localhost:54580 -Dcom.sun.management.jmxremote -Dcom.sun.management.jmxremote.port=54579 -Dcom.sun.management.jmxremote.authenticate=false -Dcom.sun.management.jmxremote.ssl=false -Djava.rmi.server.hostname=localhost -Dspring.jmx.enabled=true -Dmanagement.endpoints.jmx.exposure.include=* -Dspring.application.admin.enabled=true -XX:TieredStopAtLevel=1 -Dspring.boot.project.name=kinntaikanri -javaagent:C:\pleiades\2024-06\eclipse\configuration\org.eclipse.osgi\251\0\.cp\lib\javaagent-shaded.jar -Dfile.encoding=UTF-8 -Dstdout.encoding=UTF-8 -Dstderr.encoding=UTF-8 
java_command: com.example.demo.DemoApplication --spring.output.ansi.enabled=always
java_class_path (initial): C:\Users\\Desktop\workspace\kinntaikanri\target\classes;C:\Users\\.m2\repository\org\springframework\boot\spring-boot-starter\3.3.1\spring-boot-starter-3.3.1.jar;C:\Users\\.m2\repository\org\springframework\boot\spring-boot\3.3.1\spring-boot-3.3.1.jar;C:\Users\\.m2\repository\org\springframework\spring-context\6.1.10\spring-context-6.1.10.jar;C:\Users\\.m2\repository\org\springframework\boot\spring-boot-autoconfigure\3.3.1\spring-boot-autoconfigure-3.3.1.jar;C:\Users\\.m2\repository\org\springframework\boot\spring-boot-starter-logging\3.3.1\spring-boot-starter-logging-3.3.1.jar;C:\Users\\.m2\repository\ch\qos\logback\logback-classic\1.5.6\logback-classic-1.5.6.jar;C:\Users\\.m2\repository\ch\qos\logback\logback-core\1.5.6\logback-core-1.5.6.jar;C:\Users\\.m2\repository\org\apache\logging\log4j\log4j-to-slf4j\2.23.1\log4j-to-slf4j-2.23.1.jar;C:\Users\\.m2\repository\org\apache\logging\log4j\log4j-api\2.23.1\log4j-api-2.23.1.jar;C:\Users\\.m2\repository\org\slf4j\jul-to-slf4j\2.0.13\jul-to-slf4j-2.0.13.jar;C:\Users\\.m2\repository\jakarta\annotation\jakarta.annotation-api\2.1.1\jakarta.annotation-api-2.1.1.jar;C:\Users\\.m2\repository\org\springframework\spring-core\6.1.10\spring-core-6.1.10.jar;C:\Users\\.m2\repository\org\yaml\snakeyaml\2.2\snakeyaml-2.2.jar;C:\Users\\.m2\repository\org\slf4j\slf4j-api\2.0.13\slf4j-api-2.0.13.jar;C:\Users\\.m2\repository\jakarta\activation\jakarta.activation-api\2.1.3\jakarta.activation-api-2.1.3.jar;C:\Users\\.m2\repository\org\springframework\boot\spring-boot-starter-data-jdbc\3.3.1\spring-boot-starter-data-jdbc-3.3.1.jar;C:\Users\\.m2\repository\org\springframework\data\spring-data-jdbc\3.3.1\spring-data-jdbc-3.3.1.jar;C:\Users\\.m2\repository\org\springframework\data\spring-data-relational\3.3.1\spring-data-relational-3.3.1.jar;C:\Users\\.m2\repository\org\springframework\data\spring-data-commons\3.3.1\spring-data-commons-3.3.1.jar;C:\Users\\.m2\repository\org\springframework\spring-tx\6.1.10\spring-tx-6.1.10.jar;C:\Users\\.m2\repository\org\springframework\spring-beans\6.1.10\spring-beans-6.1.10.jar;C:\Users\\.m2\repository\org\springframework\boot\spring-boot-starter-jdbc\3.3.1\spring-boot-starter-jdbc-3.3.1.jar;C:\Users\\.m2\repository\com\zaxxer\HikariCP\5.1.0\HikariCP-5.1.0.jar;C:\Users\\.m2\repository\org\springframework\spring-jdbc\6.1.10\spring-jdbc-6.1.10.jar;C:\Users\\.m2\repository\org\springframework\boot\spring-boot-starter-thymeleaf\3.3.1\spring-boot-starter-thymeleaf-3.3.1.jar;C:\Users\\.m2\repository\org\thymeleaf\thymeleaf-spring6\3.1.2.RELEASE\thymeleaf-spring6-3.1.2.RELEASE.jar;C:\Users\\.m2\repository\org\thymeleaf\thymeleaf\3.1.2.RELEASE\thymeleaf-3.1.2.RELEASE.jar;C:\Users\\.m2\repository\org\attoparser\attoparser\2.0.7.RELEASE\attoparser-2.0.7.RELEASE.jar;C:\Users\\.m2\repository\org\unbescape\unbescape\1.1.6.RELEASE\unbescape-1.1.6.RELEASE.jar;C:\Users\\.m2\repository\org\springframework\boot\spring-boot-starter-web\3.3.1\spring-boot-starter-web-3.3.1.jar;C:\Users\\.m2\repository\org\springframework\boot\spring-boot-starter-json\3.3.1\spring-boot-starter-json-3.3.1.jar;C:\Users\\.m2\repository\com\fasterxml\jackson\datatype\jackson-datatype-jdk8\2.17.1\jackson-datatype-jdk8-2.17.1.jar;C:\Users\\.m2\repository\com\fasterxml\jackson\datatype\jackson-datatype-jsr310\2.17.1\jackson-datatype-jsr310-2.17.1.jar;C:\Users\\.m2\repository\com\fasterxml\jackson\module\jackson-module-parameter-names\2.17.1\jackson-module-parameter-names-2.17.1.jar;C:\Users\\.m2\repository\org\springframework\boot\spring-boot-starter-tomcat\3.3.1\spring-boot-starter-tomcat-3.3.1.jar;C:\Users\\.m2\repository\org\apache\tomcat\embed\tomcat-embed-core\10.1.25\tomcat-embed-core-10.1.25.jar;C:\Users\\.m2\repository\org\apache\tomcat\embed\tomcat-embed-websocket\10.1.25\tomcat-embed-websocket-10.1.25.jar;C:\Users\\.m2\repository\org\springframework\spring-web\6.1.10\spring-web-6.1.10.jar;C:\Users\\.m2\repository\io\micrometer\micrometer-observation\1.13.1\micrometer-observation-1.13.1.jar;C:\Users\\.m2\repository\io\micrometer\micrometer-commons\1.13.1\micrometer-commons-1.13.1.jar;C:\Users\\.m2\repository\org\springframework\spring-webmvc\6.1.10\spring-webmvc-6.1.10.jar;C:\Users\\.m2\repository\org\springframework\spring-expression\6.1.10\spring-expression-6.1.10.jar;C:\Users\\.m2\repository\org\springframework\session\spring-session-core\3.3.1\spring-session-core-3.3.1.jar;C:\Users\\.m2\repository\org\springframework\spring-jcl\6.1.10\spring-jcl-6.1.10.jar;C:\Users\\.m2\repository\org\springframework\boot\spring-boot-devtools\3.3.1\spring-boot-devtools-3.3.1.jar;C:\Users\\.m2\repository\org\projectlombok\lombok\1.18.32\lombok-1.18.32.jar;C:\Users\\.m2\repository\org\springframework\security\spring-security-core\6.3.1\spring-security-core-6.3.1.jar;C:\Users\\.m2\repository\org\springframework\security\spring-security-crypto\6.3.1\spring-security-crypto-6.3.1.jar;C:\Users\\.m2\repository\org\springframework\security\spring-security-web\6.3.1\spring-security-web-6.3.1.jar;C:\Users\\.m2\repository\org\mybatis\spring\boot\mybatis-spring-boot-starter\3.0.3\mybatis-spring-boot-starter-3.0.3.jar;C:\Users\\.m2\repository\org\mybatis\spring\boot\mybatis-spring-boot-autoconfigure\3.0.3\mybatis-spring-boot-autoconfigure-3.0.3.jar;C:\Users\\.m2\repository\org\mybatis\mybatis\3.5.14\mybatis-3.5.14.jar;C:\Users\\.m2\repository\org\mybatis\mybatis-spring\3.0.3\mybatis-spring-3.0.3.jar;C:\Users\\.m2\repository\com\mysql\mysql-connector-j\8.3.0\mysql-connector-j-8.3.0.jar;C:\Users\\.m2\repository\com\microsoft\sqlserver\mssql-jdbc\12.6.2.jre11\mssql-jdbc-12.6.2.jre11.jar;C:\Users\\.m2\repository\org\springframework\boot\spring-boot-starter-validation\3.3.1\spring-boot-starter-validation-3.3.1.jar;C:\Users\\.m2\repository\org\apache\tomcat\embed\tomcat-embed-el\10.1.25\tomcat-embed-el-10.1.25.jar;C:\Users\\.m2\repository\org\hibernate\validator\hibernate-validator\8.0.1.Final\hibernate-validator-8.0.1.Final.jar;C:\Users\\.m2\repository\jakarta\validation\jakarta.validation-api\3.0.2\jakarta.validation-api-3.0.2.jar;C:\Users\\.m2\repository\org\jboss\logging\jboss-logging\3.5.3.Final\jboss-logging-3.5.3.Final.jar;C:\Users\\.m2\repository\com\fasterxml\classmate\1.7.0\classmate-1.7.0.jar;C:\Users\\.m2\repository\org\springframework\boot\spring-boot-starter-security\3.3.1\spring-boot-starter-security-3.3.1.jar;C:\Users\\.m2\repository\org\springframework\spring-aop\6.1.10\spring-aop-6.1.10.jar;C:\Users\\.m2\repository\org\springframework\security\spring-security-config\6.3.1\spring-security-config-6.3.1.jar;C:\Users\\.m2\repository\org\springframework\boot\spring-boot-starter-mail\3.3.1\spring-boot-starter-mail-3.3.1.jar;C:\Users\\.m2\repository\org\springframework\spring-context-support\6.1.10\spring-context-support-6.1.10.jar;C:\Users\\.m2\repository\org\eclipse\angus\jakarta.mail\2.0.3\jakarta.mail-2.0.3.jar;C:\Users\\.m2\repository\org\eclipse\angus\angus-activation\2.0.2\angus-activation-2.0.2.jar;C:\Users\\.m2\repository\com\fasterxml\jackson\core\jackson-databind\2.17.1\jackson-databind-2.17.1.jar;C:\Users\\.m2\repository\com\fasterxml\jackson\core\jackson-annotations\2.17.1\jackson-annotations-2.17.1.jar;C:\Users\\.m2\repository\com\fasterxml\jackson\core\jackson-core\2.17.1\jackson-core-2.17.1.jar;C:\Users\\.m2\repository\org\json\json\20210307\json-20210307.jar
Launcher Type: SUN_STANDARD

[Global flags]
     intx CICompilerCount                          = 4                                         {product} {ergonomic}
     uint ConcGCThreads                            = 3                                         {product} {ergonomic}
     uint G1ConcRefinementThreads                  = 10                                        {product} {ergonomic}
   size_t G1HeapRegionSize                         = 1048576                                   {product} {ergonomic}
    uintx GCDrainStackTargetSize                   = 64                                        {product} {ergonomic}
   size_t InitialHeapSize                          = 127926272                                 {product} {ergonomic}
     bool ManagementServer                         = true                                      {product} {command line}
   size_t MarkStackSize                            = 4194304                                   {product} {ergonomic}
   size_t MaxHeapSize                              = 2036334592                                {product} {ergonomic}
   size_t MaxNewSize                               = 1221591040                                {product} {ergonomic}
   size_t MinHeapDeltaBytes                        = 1048576                                   {product} {ergonomic}
   size_t MinHeapSize                              = 8388608                                   {product} {ergonomic}
    uintx NonNMethodCodeHeapSize                   = 4096                                   {pd product} {ergonomic}
    uintx NonProfiledCodeHeapSize                  = 0                                      {pd product} {ergonomic}
     bool ProfileInterpreter                       = false                                  {pd product} {command line}
    uintx ProfiledCodeHeapSize                     = 0                                      {pd product} {ergonomic}
     bool ShowCodeDetailsInExceptionMessages       = true                                   {manageable} {command line}
   size_t SoftMaxHeapSize                          = 2036334592                             {manageable} {ergonomic}
     intx TieredStopAtLevel                        = 1                                         {product} {command line}
     bool UseCompressedOops                        = true                           {product lp64_product} {ergonomic}
     bool UseG1GC                                  = true                                      {product} {ergonomic}
     bool UseLargePagesIndividualAllocation        = false                                  {pd product} {ergonomic}

Logging:
Log output configuration:
 #0: stdout all=warning uptime,level,tags foldmultilines=false
 #1: stderr all=off uptime,level,tags foldmultilines=false

Environment Variables:
PATH=C:/pleiades/2024-06/java/21/bin/server;C:/pleiades/2024-06/java/21/bin;C:\Program Files\Common Files\Oracle\Java\javapath;C:\Program Files (x86)\Common Files\Oracle\Java\java8path;C:\Program Files (x86)\Common Files\Oracle\Java\javapath;C:\windows\system32;C:\windows;C:\windows\System32\Wbem;C:\windows\System32\WindowsPowerShell\v1.0\;C:\windows\System32\OpenSSH\;C:\Program Files\Git\cmd;C:\Program Files\nodejs\;C:\Ruby33-x64\bin;C:\Users\\AppData\Local\Microsoft\WindowsApps;C:\Users\\AppData\Local\GitHubDesktop\bin;C:\Program Files\MySQL\MySQL Server 9.0\bin;C:\Users\\AppData\Local\Programs\Microsoft VS Code\bin;C:\Users\\AppData\Roaming\npm;C:\pleiades\2024-06\eclipse;
USERNAME=
OS=Windows_NT
PROCESSOR_IDENTIFIER=Intel64 Family 6 Model 154 Stepping 4, GenuineIntel
TMP=C:\Users\\AppData\Local\Temp
TEMP=C:\Users\\AppData\Local\Temp




Periodic native trim disabled

---------------  S Y S T E M  ---------------

OS:
 Windows 11 , 64 bit Build 22621 (10.0.22621.4391)
OS uptime: 3 days 22:27 hours
Hyper-V role detected

CPU: total 12 (initial active 12) (6 cores per cpu, 2 threads per core) family 6 model 154 stepping 4 microcode 0x434, cx8, cmov, fxsr, ht, mmx, 3dnowpref, sse, sse2, sse3, ssse3, sse4.1, sse4.2, popcnt, lzcnt, tsc, tscinvbit, avx, avx2, aes, erms, clmul, bmi1, bmi2, adx, sha, fma, vzeroupper, clflush, clflushopt, clwb, hv, serialize, rdtscp, rdpid, fsrm, f16c, cet_ibt, cet_ss
Processor Information for processor 0
  Max Mhz: 2500, Current Mhz: 2500, Mhz Limit: 2500
Processor Information for processor 1
  Max Mhz: 2500, Current Mhz: 2500, Mhz Limit: 2500
Processor Information for processor 2
  Max Mhz: 2500, Current Mhz: 2500, Mhz Limit: 2500
Processor Information for processor 3
  Max Mhz: 2500, Current Mhz: 2500, Mhz Limit: 2500
Processor Information for processor 4
  Max Mhz: 2500, Current Mhz: 1800, Mhz Limit: 1800
Processor Information for processor 5
  Max Mhz: 2500, Current Mhz: 1800, Mhz Limit: 1800
Processor Information for processor 6
  Max Mhz: 2500, Current Mhz: 1800, Mhz Limit: 1800
Processor Information for processor 7
  Max Mhz: 2500, Current Mhz: 1800, Mhz Limit: 1800
Processor Information for processor 8
  Max Mhz: 2500, Current Mhz: 1800, Mhz Limit: 1800
Processor Information for processor 9
  Max Mhz: 2500, Current Mhz: 1800, Mhz Limit: 1800
Processor Information for processor 10
  Max Mhz: 2500, Current Mhz: 1800, Mhz Limit: 1800
Processor Information for processor 11
  Max Mhz: 2500, Current Mhz: 1500, Mhz Limit: 1800

Memory: 4k page, system-wide physical 7766M (815M free)
TotalPageFile size 15958M (AvailPageFile size 5036M)
current process WorkingSet (physical memory assigned to process): 266M, peak: 276M
current process commit charge ("private bytes"): 315M, peak: 344M

vm_info: OpenJDK 64-Bit Server VM (21.0.3+9-LTS) for windows-amd64 JRE (21.0.3+9-LTS), built on 2024-04-16T00:00:00Z by "admin" with MS VC++ 17.7 (VS2022)

END.
